=== Game 1 (186 events) ===
     0: ZoneChange: Lightning Bolt (01703a55) [P0] Library -> Hand
     1: ZoneChange: Mountain (fc4bc22d) [P0] Library -> Hand
     2: ZoneChange: Earth Elemental (82214e5d) [P0] Library -> Hand
     3: ZoneChange: Mountain (3b6de833) [P0] Library -> Hand
     4: ZoneChange: Ancestral Recall (2b0e4d78) [P0] Library -> Hand
     5: ZoneChange: Hill Giant (b3f6756b) [P0] Library -> Hand
     6: ZoneChange: Mountain (ad581ff9) [P0] Library -> Hand
     7: ZoneChange: Forest (6e72eeac) [P1] Library -> Hand
     8: ZoneChange: Giant Spider (63a55f5e) [P1] Library -> Hand
     9: ZoneChange: Plains (02bd0bff) [P1] Library -> Hand
    10: ZoneChange: Swamp (fbb93148) [P1] Library -> Hand
    11: ZoneChange: Volcanic Upheaval (a99a54e3) [P1] Library -> Hand
    12: ZoneChange: Island (49a40ed2) [P1] Library -> Hand
    13: ZoneChange: Plains (af489587) [P1] Library -> Hand
    14: ZoneChange: Island (c3762b33) [P0] Library -> Hand
    15: ZoneChange: Mountain (fc4bc22d) [P0] Hand -> Battlefield
    16: ZoneChange: Swamp (59793275) [P1] Library -> Hand
    17: ZoneChange: Swamp (fbb93148) [P1] Hand -> Battlefield
    18: ZoneChange: Lightning Bolt (01703a55) [P0] Hand -> Stack
    19: SpellCast: P0 casts Lightning Bolt (01703a55)
    20: DamageDealt: Lightning Bolt (01703a55) -> P0 for 3
    21: LifeChanged: P0 20 -> 17
    22: ZoneChange: Lightning Bolt (01703a55) [P0] Stack -> Graveyard
    23: SpellResolved: Lightning Bolt (01703a55)
    24: ZoneChange: Mountain (d3f6f9c5) [P0] Library -> Hand
    25: ZoneChange: Mountain (d3f6f9c5) [P0] Hand -> Battlefield
    26: ZoneChange: Earth Elemental (b9c21a14) [P1] Library -> Hand
    27: ZoneChange: Plains (02bd0bff) [P1] Hand -> Battlefield
    28: ZoneChange: Swamp (44c52f5e) [P0] Library -> Hand
    29: ZoneChange: Mountain (3b6de833) [P0] Hand -> Battlefield
    30: ZoneChange: Earth Elemental (dceffe58) [P1] Library -> Hand
    31: ZoneChange: Island (49a40ed2) [P1] Hand -> Battlefield
    32: ZoneChange: Plains (3d080964) [P0] Library -> Hand
    33: ZoneChange: Mountain (ad581ff9) [P0] Hand -> Battlefield
    34: ZoneChange: Island (a0008de1) [P1] Library -> Hand
    35: ZoneChange: Swamp (59793275) [P1] Hand -> Battlefield
    36: ZoneChange: Volcanic Upheaval (7d9f7eec) [P0] Library -> Hand
    37: ZoneChange: Volcanic Upheaval (7d9f7eec) [P0] Hand -> Stack
    38: SpellCast: P0 casts Volcanic Upheaval (7d9f7eec)
    39: ZoneChange: Swamp (fbb93148) [P1] Battlefield -> Graveyard
    40: ZoneChange: Volcanic Upheaval (7d9f7eec) [P0] Stack -> Graveyard
    41: SpellResolved: Volcanic Upheaval (7d9f7eec)
    42: ZoneChange: Swamp (44c52f5e) [P0] Hand -> Battlefield
    43: ZoneChange: Forest (ea46c2bc) [P1] Library -> Hand
    44: ZoneChange: Forest (6e72eeac) [P1] Hand -> Battlefield
    45: ZoneChange: Raging Cougar (07e90166) [P0] Library -> Hand
    46: ZoneChange: Island (c3762b33) [P0] Hand -> Battlefield
    47: ZoneChange: Ancestral Recall (2b0e4d78) [P0] Hand -> Stack
    48: SpellCast: P0 casts Ancestral Recall (2b0e4d78)
    49: ZoneChange: Counterspell (399a5638) [P1] Library -> Hand
    50: ZoneChange: Vampire Nighthawk (f811b01d) [P1] Library -> Hand
    51: ZoneChange: Grizzly Bears (c5fd451d) [P1] Library -> Hand
    52: ZoneChange: Ancestral Recall (2b0e4d78) [P0] Stack -> Graveyard
    53: SpellResolved: Ancestral Recall (2b0e4d78)
    54: ZoneChange: Plains (83fa0027) [P1] Library -> Hand
    55: ZoneChange: Island (a0008de1) [P1] Hand -> Battlefield
    56: ZoneChange: Counterspell (399a5638) [P1] Hand -> Stack
    57: SpellCast: P1 casts Counterspell (399a5638)
    58: ZoneChange: Counterspell (399a5638) [P1] Stack -> Graveyard
    59: SpellFizzled: Counterspell (399a5638)
    60: ZoneChange: Plains (83fa0027) [P1] Hand -> Graveyard
    61: ZoneChange: Giant Spider (63a55f5e) [P1] Hand -> Graveyard
    62: ZoneChange: Hill Giant (142c326a) [P0] Library -> Hand
    63: ZoneChange: Plains (3d080964) [P0] Hand -> Battlefield
    64: ZoneChange: Swamp (1406717b) [P1] Library -> Hand
    65: ZoneChange: Forest (ea46c2bc) [P1] Hand -> Battlefield
    66: ZoneChange: Earth Elemental (03496630) [P0] Library -> Hand
    67: ZoneChange: Mountain (0d84cd19) [P1] Library -> Hand
    68: ZoneChange: Mountain (0d84cd19) [P1] Hand -> Battlefield
    69: ZoneChange: Volcanic Upheaval (a99a54e3) [P1] Hand -> Stack
    70: SpellCast: P1 casts Volcanic Upheaval (a99a54e3)
    71: ZoneChange: Mountain (fc4bc22d) [P0] Battlefield -> Graveyard
    72: ZoneChange: Volcanic Upheaval (a99a54e3) [P1] Stack -> Graveyard
    73: SpellResolved: Volcanic Upheaval (a99a54e3)
    74: ZoneChange: Savannah Lions (c9ea3c39) [P0] Library -> Hand
    75: ZoneChange: Counterspell (2b648bcf) [P1] Library -> Hand
    76: ZoneChange: Counterspell (2b648bcf) [P1] Hand -> Stack
    77: SpellCast: P1 casts Counterspell (2b648bcf)
    78: ZoneChange: Counterspell (2b648bcf) [P1] Stack -> Graveyard
    79: SpellFizzled: Counterspell (2b648bcf)
    80: ZoneChange: Plains (af489587) [P1] Hand -> Battlefield
    81: ZoneChange: Ridgetop Raptor (856377e2) [P0] Library -> Hand
    82: ZoneChange: Giant Spider (9e8f1153) [P1] Library -> Hand
    83: ZoneChange: Swamp (1406717b) [P1] Hand -> Battlefield
    84: ZoneChange: Plains (642b1d20) [P0] Library -> Hand
    85: ZoneChange: Plains (642b1d20) [P0] Hand -> Battlefield
    86: ZoneChange: Mountain (6ca6b9cb) [P1] Library -> Hand
    87: ZoneChange: Mountain (6ca6b9cb) [P1] Hand -> Battlefield
    88: ZoneChange: Counterspell (d4c46af4) [P0] Library -> Hand
    89: ZoneChange: Hill Giant (142c326a) [P0] Hand -> Graveyard
    90: ZoneChange: Hill Giant (e63697c0) [P1] Library -> Hand
    91: ZoneChange: Mountain (7ec1b74c) [P0] Library -> Hand
    92: ZoneChange: Mountain (7ec1b74c) [P0] Hand -> Battlefield
    93: ZoneChange: Vampire Nighthawk (3cf3e736) [P1] Library -> Hand
    94: ZoneChange: Mountain (e89f661b) [P0] Library -> Hand
    95: ZoneChange: Mountain (e89f661b) [P0] Hand -> Battlefield
    96: ZoneChange: Forest (3510d047) [P1] Library -> Hand
    97: ZoneChange: Forest (3510d047) [P1] Hand -> Battlefield
    98: ZoneChange: Lightning Bolt (f915d3f0) [P0] Library -> Hand
    99: ZoneChange: Lightning Bolt (f915d3f0) [P0] Hand -> Stack
   100: SpellCast: P0 casts Lightning Bolt (f915d3f0)
   101: DamageDealt: Lightning Bolt (f915d3f0) -> P1 for 3
   102: LifeChanged: P1 20 -> 17
   103: ZoneChange: Lightning Bolt (f915d3f0) [P0] Stack -> Graveyard
   104: SpellResolved: Lightning Bolt (f915d3f0)
   105: ZoneChange: Swamp (96f6afbd) [P1] Library -> Hand
   106: ZoneChange: Swamp (96f6afbd) [P1] Hand -> Battlefield
   107: ZoneChange: Forest (8cecdafb) [P0] Library -> Hand
   108: ZoneChange: Forest (8cecdafb) [P0] Hand -> Battlefield
   109: ZoneChange: Forest (4717b653) [P1] Library -> Hand
   110: ZoneChange: Forest (4717b653) [P1] Hand -> Battlefield
   111: ZoneChange: Forest (4b2f54c3) [P0] Library -> Hand
   112: ZoneChange: Earth Elemental (82214e5d) [P0] Hand -> Graveyard
   113: ZoneChange: Raging Cougar (02655ad0) [P1] Library -> Hand
   114: ZoneChange: Raging Cougar (02655ad0) [P1] Hand -> Graveyard
   115: ZoneChange: Grizzly Bears (4b0d5a2c) [P0] Library -> Hand
   116: ZoneChange: Forest (4b2f54c3) [P0] Hand -> Battlefield
   117: ZoneChange: Ancestral Recall (0914d0ff) [P1] Library -> Hand
   118: ZoneChange: Ancestral Recall (0914d0ff) [P1] Hand -> Stack
   119: SpellCast: P1 casts Ancestral Recall (0914d0ff)
   120: ZoneChange: Ancestral Recall (c4780b26) [P1] Library -> Hand
   121: ZoneChange: Knight of Meadowgrain (9eed63cc) [P1] Library -> Hand
   122: ZoneChange: Knight of Meadowgrain (f6e1d0f8) [P1] Library -> Hand
   123: ZoneChange: Ancestral Recall (0914d0ff) [P1] Stack -> Graveyard
   124: SpellResolved: Ancestral Recall (0914d0ff)
   125: ZoneChange: Ancestral Recall (c4780b26) [P1] Hand -> Stack
   126: SpellCast: P1 casts Ancestral Recall (c4780b26)
   127: ZoneChange: Forest (0142c5e9) [P0] Library -> Hand
   128: ZoneChange: Island (2ef9136e) [P0] Library -> Hand
   129: ZoneChange: Elvish Archers (c55863c7) [P0] Library -> Hand
   130: ZoneChange: Ancestral Recall (c4780b26) [P1] Stack -> Graveyard
   131: SpellResolved: Ancestral Recall (c4780b26)
   132: ZoneChange: Knight of Meadowgrain (f6e1d0f8) [P1] Hand -> Graveyard
   133: ZoneChange: Giant Spider (9e8f1153) [P1] Hand -> Graveyard
   134: ZoneChange: Grizzly Bears (e83b37f5) [P0] Library -> Hand
   135: ZoneChange: Island (2ef9136e) [P0] Hand -> Battlefield
   136: ZoneChange: Counterspell (d4c46af4) [P0] Hand -> Stack
   137: SpellCast: P0 casts Counterspell (d4c46af4)
   138: ZoneChange: Counterspell (d4c46af4) [P0] Stack -> Graveyard
   139: SpellFizzled: Counterspell (d4c46af4)
   140: ZoneChange: Savannah Lions (c9ea3c39) [P0] Hand -> Graveyard
   141: ZoneChange: Elvish Archers (c55863c7) [P0] Hand -> Graveyard
   142: ZoneChange: Earth Elemental (938b3b80) [P1] Library -> Hand
   143: ZoneChange: Grizzly Bears (c5fd451d) [P1] Hand -> Graveyard
   144: ZoneChange: Plains (5852f96c) [P0] Library -> Hand
   145: ZoneChange: Forest (0142c5e9) [P0] Hand -> Battlefield
   146: ZoneChange: Knight of Meadowgrain (914bc642) [P1] Library -> Hand
   147: ZoneChange: Knight of Meadowgrain (914bc642) [P1] Hand -> Graveyard
   148: ZoneChange: War Mammoth (9fa85924) [P0] Library -> Hand
   149: ZoneChange: Plains (5852f96c) [P0] Hand -> Battlefield
   150: ZoneChange: Knight of Meadowgrain (d616d608) [P1] Library -> Hand
   151: ZoneChange: Earth Elemental (938b3b80) [P1] Hand -> Graveyard
   152: ZoneChange: Plains (2e7ae898) [P0] Library -> Hand
   153: ZoneChange: Plains (2e7ae898) [P0] Hand -> Battlefield
   154: ZoneChange: Mountain (23e2476b) [P1] Library -> Hand
   155: ZoneChange: Mountain (23e2476b) [P1] Hand -> Battlefield
   156: ZoneChange: Swamp (dfed9428) [P0] Library -> Hand
   157: ZoneChange: Swamp (dfed9428) [P0] Hand -> Battlefield
   158: ZoneChange: Ancestral Recall (40f29d25) [P1] Library -> Hand
   159: ZoneChange: Ancestral Recall (40f29d25) [P1] Hand -> Stack
   160: SpellCast: P1 casts Ancestral Recall (40f29d25)
   161: ZoneChange: Volcanic Upheaval (e46c6cf5) [P0] Library -> Hand
   162: ZoneChange: Giant Spider (d6ed3871) [P0] Library -> Hand
   163: ZoneChange: Serra Angel (eef75a70) [P0] Library -> Hand
   164: ZoneChange: Ancestral Recall (40f29d25) [P1] Stack -> Graveyard
   165: SpellResolved: Ancestral Recall (40f29d25)
   166: ZoneChange: Vampire Nighthawk (52865440) [P0] Library -> Hand
   167: ZoneChange: Volcanic Upheaval (e46c6cf5) [P0] Hand -> Stack
   168: SpellCast: P0 casts Volcanic Upheaval (e46c6cf5)
   169: ZoneChange: Plains (02bd0bff) [P1] Battlefield -> Graveyard
   170: ZoneChange: Volcanic Upheaval (e46c6cf5) [P0] Stack -> Graveyard
   171: SpellResolved: Volcanic Upheaval (e46c6cf5)
   172: ZoneChange: Serra Angel (eef75a70) [P0] Hand -> Graveyard
   173: ZoneChange: Earth Elemental (03496630) [P0] Hand -> Graveyard
   174: ZoneChange: War Mammoth (9fa85924) [P0] Hand -> Graveyard
   175: ZoneChange: Earth Elemental (f6ed97c5) [P1] Library -> Hand
   176: ZoneChange: Earth Elemental (dceffe58) [P1] Hand -> Graveyard
   177: ZoneChange: Ancestral Recall (6bca5cce) [P0] Library -> Hand
   178: ZoneChange: Ancestral Recall (6bca5cce) [P0] Hand -> Stack
   179: SpellCast: P0 casts Ancestral Recall (6bca5cce)
   180: ZoneChange: Thornweald Archer (ef65c577) [P0] Library -> Hand
   181: ZoneChange: Earth Elemental (0b5a6db1) [P0] Library -> Hand
   182: ZoneChange: Ancestral Recall (6bca5cce) [P0] Stack -> Graveyard
   183: SpellResolved: Ancestral Recall (6bca5cce)
   184: PlayerLost: P0 (DrawnFromEmptyLibrary)
   185: StateBasedActionPerformed

=== Game 2 (163 events) ===
     0: ZoneChange: Lightning Bolt (df67b2e0) [P0] Library -> Hand
     1: ZoneChange: Rhox War Monk (058308b2) [P0] Library -> Hand
     2: ZoneChange: Vampire Nighthawk (68b17b4a) [P0] Library -> Hand
     3: ZoneChange: Plains (73286f99) [P0] Library -> Hand
     4: ZoneChange: Elvish Archers (9a836128) [P0] Library -> Hand
     5: ZoneChange: Earth Elemental (ebd2447b) [P0] Library -> Hand
     6: ZoneChange: Plains (3e305f76) [P0] Library -> Hand
     7: ZoneChange: Thornweald Archer (4233abe6) [P1] Library -> Hand
     8: ZoneChange: Knight of Meadowgrain (daf32aba) [P1] Library -> Hand
     9: ZoneChange: Swamp (0e8158f2) [P1] Library -> Hand
    10: ZoneChange: Plains (2585c359) [P1] Library -> Hand
    11: ZoneChange: Ridgetop Raptor (20988a67) [P1] Library -> Hand
    12: ZoneChange: Giant Spider (d55d807b) [P1] Library -> Hand
    13: ZoneChange: Volcanic Upheaval (0364fba6) [P1] Library -> Hand
    14: ZoneChange: Plains (3d34cf22) [P0] Library -> Hand
    15: ZoneChange: Plains (3d34cf22) [P0] Hand -> Battlefield
    16: ZoneChange: Ridgetop Raptor (99e1265d) [P1] Library -> Hand
    17: ZoneChange: Plains (2585c359) [P1] Hand -> Battlefield
    18: ZoneChange: Mountain (4c6fa7b5) [P0] Library -> Hand
    19: ZoneChange: Plains (3e305f76) [P0] Hand -> Battlefield
    20: ZoneChange: Island (66517151) [P1] Library -> Hand
    21: ZoneChange: Island (66517151) [P1] Hand -> Battlefield
    22: ZoneChange: Knight of Meadowgrain (6b86d740) [P0] Library -> Hand
    23: ZoneChange: Mountain (4c6fa7b5) [P0] Hand -> Battlefield
    24: ZoneChange: Lightning Bolt (df67b2e0) [P0] Hand -> Stack
    25: SpellCast: P0 casts Lightning Bolt (df67b2e0)
    26: DamageDealt: Lightning Bolt (df67b2e0) -> P1 for 3
    27: LifeChanged: P1 20 -> 17
    28: ZoneChange: Lightning Bolt (df67b2e0) [P0] Stack -> Graveyard
    29: SpellResolved: Lightning Bolt (df67b2e0)
    30: ZoneChange: Burst of Energy (b9231e80) [P1] Library -> Hand
    31: ZoneChange: Burst of Energy (b9231e80) [P1] Hand -> Stack
    32: SpellCast: P1 casts Burst of Energy (b9231e80)
    33: ZoneChange: Burst of Energy (b9231e80) [P1] Stack -> Graveyard
    34: SpellResolved: Burst of Energy (b9231e80)
    35: ZoneChange: Swamp (0e8158f2) [P1] Hand -> Battlefield
    36: ZoneChange: Elvish Archers (10a79a21) [P0] Library -> Hand
    37: ZoneChange: Plains (73286f99) [P0] Hand -> Battlefield
    38: ZoneChange: Rhox War Monk (dd94a490) [P1] Library -> Hand
    39: ZoneChange: Vampire Nighthawk (2649b4c1) [P0] Library -> Hand
    40: ZoneChange: Volcanic Upheaval (5615b535) [P1] Library -> Hand
    41: ZoneChange: Rhox War Monk (dd94a490) [P1] Hand -> Graveyard
    42: ZoneChange: War Mammoth (70d091af) [P0] Library -> Hand
    43: ZoneChange: Elvish Archers (10a79a21) [P0] Hand -> Graveyard
    44: ZoneChange: Earth Elemental (81b6aca2) [P1] Library -> Hand
    45: ZoneChange: Giant Spider (d55d807b) [P1] Hand -> Graveyard
    46: ZoneChange: Island (d6a14b47) [P0] Library -> Hand
    47: ZoneChange: Island (d6a14b47) [P0] Hand -> Battlefield
    48: ZoneChange: Hill Giant (3d0344eb) [P1] Library -> Hand
    49: ZoneChange: Volcanic Upheaval (0364fba6) [P1] Hand -> Graveyard
    50: ZoneChange: Knight of Meadowgrain (bb0c130e) [P0] Library -> Hand
    51: ZoneChange: War Mammoth (70d091af) [P0] Hand -> Graveyard
    52: ZoneChange: Swamp (df41cfd3) [P1] Library -> Hand
    53: ZoneChange: Swamp (df41cfd3) [P1] Hand -> Battlefield
    54: ZoneChange: Knight of Meadowgrain (663b2cd3) [P0] Library -> Hand
    55: ZoneChange: Knight of Meadowgrain (663b2cd3) [P0] Hand -> Graveyard
    56: ZoneChange: Elvish Archers (80a78f7f) [P1] Library -> Hand
    57: ZoneChange: Earth Elemental (81b6aca2) [P1] Hand -> Graveyard
    58: ZoneChange: Savannah Lions (d09f1b31) [P0] Library -> Hand
    59: ZoneChange: Vampire Nighthawk (68b17b4a) [P0] Hand -> Graveyard
    60: ZoneChange: Wall of Stone (3009bbef) [P1] Library -> Hand
    61: ZoneChange: Hill Giant (3d0344eb) [P1] Hand -> Graveyard
    62: ZoneChange: Ridgetop Raptor (87ae2c0c) [P0] Library -> Hand
    63: ZoneChange: Knight of Meadowgrain (bb0c130e) [P0] Hand -> Graveyard
    64: ZoneChange: Serra Angel (2e7888fe) [P1] Library -> Hand
    65: ZoneChange: Serra Angel (2e7888fe) [P1] Hand -> Graveyard
    66: ZoneChange: Swamp (75f066cf) [P0] Library -> Hand
    67: ZoneChange: Swamp (75f066cf) [P0] Hand -> Battlefield
    68: ZoneChange: Serra Angel (86e358a3) [P1] Library -> Hand
    69: ZoneChange: Ridgetop Raptor (20988a67) [P1] Hand -> Graveyard
    70: ZoneChange: Thornweald Archer (b7744a3b) [P0] Library -> Hand
    71: ZoneChange: Elvish Archers (9a836128) [P0] Hand -> Graveyard
    72: ZoneChange: Forest (9f5cf377) [P1] Library -> Hand
    73: ZoneChange: Forest (9f5cf377) [P1] Hand -> Battlefield
    74: ZoneChange: Forest (5602aec8) [P0] Library -> Hand
    75: ZoneChange: Forest (5602aec8) [P0] Hand -> Battlefield
    76: ZoneChange: Mountain (f741e5e5) [P1] Library -> Hand
    77: ZoneChange: Mountain (f741e5e5) [P1] Hand -> Battlefield
    78: ZoneChange: Volcanic Upheaval (5615b535) [P1] Hand -> Stack
    79: SpellCast: P1 casts Volcanic Upheaval (5615b535)
    80: ZoneChange: Swamp (df41cfd3) [P1] Battlefield -> Graveyard
    81: ZoneChange: Volcanic Upheaval (5615b535) [P1] Stack -> Graveyard
    82: SpellResolved: Volcanic Upheaval (5615b535)
    83: ZoneChange: Mountain (2377414d) [P0] Library -> Hand
    84: ZoneChange: Mountain (2377414d) [P0] Hand -> Battlefield
    85: ZoneChange: Raging Cougar (c734e3c8) [P1] Library -> Hand
    86: ZoneChange: Swamp (094725cb) [P0] Library -> Hand
    87: ZoneChange: Swamp (094725cb) [P0] Hand -> Battlefield
    88: ZoneChange: Island (76a4d006) [P1] Library -> Hand
    89: ZoneChange: Island (76a4d006) [P1] Hand -> Battlefield
    90: ZoneChange: Raging Cougar (8352eb4b) [P0] Library -> Hand
    91: ZoneChange: Knight of Meadowgrain (6b86d740) [P0] Hand -> Graveyard
    92: ZoneChange: War Mammoth (a8cf01aa) [P1] Library -> Hand
    93: ZoneChange: Serra Angel (86e358a3) [P1] Hand -> Graveyard
    94: ZoneChange: Swamp (0458500d) [P0] Library -> Hand
    95: ZoneChange: Swamp (0458500d) [P0] Hand -> Battlefield
    96: ZoneChange: Swamp (b9f26782) [P1] Library -> Hand
    97: ZoneChange: Elvish Archers (80a78f7f) [P1] Hand -> Graveyard
    98: ZoneChange: Plains (cd912737) [P0] Library -> Hand
    99: ZoneChange: Plains (cd912737) [P0] Hand -> Battlefield
   100: ZoneChange: Mountain (5632454a) [P1] Library -> Hand
   101: ZoneChange: Mountain (5632454a) [P1] Hand -> Battlefield
   102: ZoneChange: Raging Cougar (8f5c2980) [P0] Library -> Hand
   103: ZoneChange: Raging Cougar (8352eb4b) [P0] Hand -> Graveyard
   104: ZoneChange: Island (3e34cea4) [P1] Library -> Hand
   105: ZoneChange: Island (3e34cea4) [P1] Hand -> Battlefield
   106: ZoneChange: Burst of Energy (44c1529b) [P0] Library -> Hand
   107: ZoneChange: Burst of Energy (44c1529b) [P0] Hand -> Stack
   108: SpellCast: P0 casts Burst of Energy (44c1529b)
   109: ZoneChange: Burst of Energy (44c1529b) [P0] Stack -> Graveyard
   110: SpellResolved: Burst of Energy (44c1529b)
   111: ZoneChange: Vampire Nighthawk (934124f0) [P1] Library -> Hand
   112: ZoneChange: Swamp (b9f26782) [P1] Hand -> Battlefield
   113: ZoneChange: Mountain (0f33858a) [P0] Library -> Hand
   114: ZoneChange: Mountain (0f33858a) [P0] Hand -> Battlefield
   115: ZoneChange: Plains (9013621a) [P1] Library -> Hand
   116: ZoneChange: Plains (9013621a) [P1] Hand -> Battlefield
   117: ZoneChange: Savannah Lions (b639cb4b) [P0] Library -> Hand
   118: ZoneChange: Thornweald Archer (b7744a3b) [P0] Hand -> Graveyard
   119: ZoneChange: Swamp (bf37acd9) [P1] Library -> Hand
   120: ZoneChange: Swamp (bf37acd9) [P1] Hand -> Battlefield
   121: ZoneChange: Elvish Archers (c76742a1) [P0] Library -> Hand
   122: ZoneChange: Raging Cougar (8f5c2980) [P0] Hand -> Graveyard
   123: ZoneChange: Rhox War Monk (75d9b369) [P1] Library -> Hand
   124: ZoneChange: Knight of Meadowgrain (daf32aba) [P1] Hand -> Graveyard
   125: ZoneChange: Mountain (bd912ec1) [P0] Library -> Hand
   126: ZoneChange: Mountain (bd912ec1) [P0] Hand -> Battlefield
   127: ZoneChange: Grizzly Bears (58ce6e00) [P1] Library -> Hand
   128: ZoneChange: Rhox War Monk (75d9b369) [P1] Hand -> Graveyard
   129: ZoneChange: Plains (703f376e) [P0] Library -> Hand
   130: ZoneChange: Plains (703f376e) [P0] Hand -> Battlefield
   131: ZoneChange: Ridgetop Raptor (74db1843) [P1] Library -> Hand
   132: ZoneChange: Wall of Stone (3009bbef) [P1] Hand -> Graveyard
   133: ZoneChange: Forest (802ec34e) [P0] Library -> Hand
   134: ZoneChange: Forest (802ec34e) [P0] Hand -> Battlefield
   135: ZoneChange: Swamp (ed68282c) [P1] Library -> Hand
   136: ZoneChange: Swamp (ed68282c) [P1] Hand -> Battlefield
   137: ZoneChange: War Mammoth (fa31cb6c) [P0] Library -> Hand
   138: ZoneChange: Earth Elemental (ebd2447b) [P0] Hand -> Graveyard
   139: ZoneChange: Elvish Archers (a708e4b0) [P1] Library -> Hand
   140: ZoneChange: Ridgetop Raptor (99e1265d) [P1] Hand -> Graveyard
   141: ZoneChange: Forest (861ccd33) [P0] Library -> Hand
   142: ZoneChange: Forest (861ccd33) [P0] Hand -> Battlefield
   143: ZoneChange: Forest (73c7fa33) [P1] Library -> Hand
   144: ZoneChange: Forest (73c7fa33) [P1] Hand -> Battlefield
   145: ZoneChange: Grizzly Bears (5254401c) [P0] Library -> Hand
   146: ZoneChange: War Mammoth (fa31cb6c) [P0] Hand -> Graveyard
   147: ZoneChange: Ridgetop Raptor (9929fa46) [P1] Library -> Hand
   148: ZoneChange: Raging Cougar (c734e3c8) [P1] Hand -> Graveyard
   149: ZoneChange: Counterspell (936ada15) [P0] Library -> Hand
   150: ZoneChange: Counterspell (936ada15) [P0] Hand -> Graveyard
   151: ZoneChange: Plains (e5b4ce65) [P1] Library -> Hand
   152: ZoneChange: Plains (e5b4ce65) [P1] Hand -> Battlefield
   153: ZoneChange: Forest (a454ff87) [P0] Library -> Hand
   154: ZoneChange: Forest (a454ff87) [P0] Hand -> Battlefield
   155: ZoneChange: Plains (e337f6a2) [P1] Library -> Hand
   156: ZoneChange: Plains (e337f6a2) [P1] Hand -> Battlefield
   157: ZoneChange: Hill Giant (5744e871) [P0] Library -> Hand
   158: ZoneChange: Vampire Nighthawk (2649b4c1) [P0] Hand -> Graveyard
   159: ZoneChange: Swamp (35edec6d) [P1] Library -> Hand
   160: ZoneChange: Swamp (35edec6d) [P1] Hand -> Battlefield
   161: PlayerLost: P0 (DrawnFromEmptyLibrary)
   162: StateBasedActionPerformed

=== Game 1 (213 events) ===
     0: ZoneChange: Ancestral Recall (976b67c0) [P0] Library -> Hand
     1: ZoneChange: Ancestral Recall (4608dd28) [P0] Library -> Hand
     2: ZoneChange: Counterspell (c0f6a278) [P0] Library -> Hand
     3: ZoneChange: Island (d88e5f56) [P0] Library -> Hand
     4: ZoneChange: Ancestral Recall (e12ec40c) [P0] Library -> Hand
     5: ZoneChange: Island (2c999d33) [P0] Library -> Hand
     6: ZoneChange: Island (b5aceaf9) [P0] Library -> Hand
     7: ZoneChange: Knight of Meadowgrain (44957886) [P1] Library -> Hand
     8: ZoneChange: Knight of Meadowgrain (65d06f47) [P1] Library -> Hand
     9: ZoneChange: Forest (7b1cbf28) [P1] Library -> Hand
    10: ZoneChange: Isamaru, Hound of Konda (680c70b3) [P1] Library -> Hand
    11: ZoneChange: Forest (90ca6e96) [P1] Library -> Hand
    12: ZoneChange: Plains (388ae274) [P1] Library -> Hand
    13: ZoneChange: Plains (c66c1b2e) [P1] Library -> Hand
    14: ZoneChange: Counterspell (2cefa7cb) [P0] Library -> Hand
    15: ZoneChange: Island (d88e5f56) [P0] Hand -> Battlefield
    16: ZoneChange: Ancestral Recall (976b67c0) [P0] Hand -> Stack
    17: SpellCast: P0 casts Ancestral Recall (976b67c0)
    18: ZoneChange: Angel's Mercy (c9fb03ee) [P1] Library -> Hand
    19: ZoneChange: Thornweald Archer (d0cc3988) [P1] Library -> Hand
    20: ZoneChange: Knight of Meadowgrain (71685937) [P1] Library -> Hand
    21: ZoneChange: Ancestral Recall (976b67c0) [P0] Stack -> Graveyard
    22: SpellResolved: Ancestral Recall (976b67c0)
    23: ZoneChange: Island (2c999d33) [P0] Hand -> Stack
    24: SpellCast: P0 casts Island (2c999d33)
    25: ZoneChange: Island (2c999d33) [P0] Stack -> Battlefield
    26: ETB: Island (2c999d33) [P0]
    27: SpellResolved: Island (2c999d33)
    28: ZoneChange: Ancestral Recall (4608dd28) [P0] Hand -> Stack
    29: SpellCast: P0 casts Ancestral Recall (4608dd28)
    30: ZoneChange: Island (459fd418) [P0] Library -> Hand
    31: ZoneChange: Island (312b43df) [P0] Library -> Hand
    32: ZoneChange: Island (7e58c73d) [P0] Library -> Hand
    33: ZoneChange: Ancestral Recall (4608dd28) [P0] Stack -> Graveyard
    34: SpellResolved: Ancestral Recall (4608dd28)
    35: ZoneChange: Island (459fd418) [P0] Hand -> Stack
    36: SpellCast: P0 casts Island (459fd418)
    37: ZoneChange: Island (459fd418) [P0] Stack -> Battlefield
    38: ETB: Island (459fd418) [P0]
    39: SpellResolved: Island (459fd418)
    40: ZoneChange: Island (312b43df) [P0] Hand -> Stack
    41: SpellCast: P0 casts Island (312b43df)
    42: ZoneChange: Ancestral Recall (e12ec40c) [P0] Hand -> Stack
    43: SpellCast: P0 casts Ancestral Recall (e12ec40c)
    44: ZoneChange: Forest (bfd363ea) [P1] Library -> Hand
    45: ZoneChange: Forest (3ea96502) [P1] Library -> Hand
    46: ZoneChange: Elvish Archers (6bca618e) [P1] Library -> Hand
    47: ZoneChange: Ancestral Recall (e12ec40c) [P0] Stack -> Graveyard
    48: SpellResolved: Ancestral Recall (e12ec40c)
    49: ZoneChange: Island (312b43df) [P0] Stack -> Battlefield
    50: ETB: Island (312b43df) [P0]
    51: SpellResolved: Island (312b43df)
    52: ZoneChange: Savannah Lions (349dd3db) [P1] Library -> Hand
    53: ZoneChange: Forest (bfd363ea) [P1] Hand -> Battlefield
    54: ZoneChange: Forest (7b1cbf28) [P1] Hand -> Stack
    55: SpellCast: P1 casts Forest (7b1cbf28)
    56: ZoneChange: Forest (7b1cbf28) [P1] Stack -> Battlefield
    57: ETB: Forest (7b1cbf28) [P1]
    58: SpellResolved: Forest (7b1cbf28)
    59: ZoneChange: Elvish Archers (6bca618e) [P1] Hand -> Stack
    60: SpellCast: P1 casts Elvish Archers (6bca618e)
    61: ZoneChange: Elvish Archers (6bca618e) [P1] Stack -> Battlefield
    62: ETB: Elvish Archers (6bca618e) [P1]
    63: SpellResolved: Elvish Archers (6bca618e)
    64: ZoneChange: Forest (90ca6e96) [P1] Hand -> Stack
    65: SpellCast: P1 casts Forest (90ca6e96)
    66: ZoneChange: Forest (90ca6e96) [P1] Stack -> Battlefield
    67: ETB: Forest (90ca6e96) [P1]
    68: SpellResolved: Forest (90ca6e96)
    69: ZoneChange: Thornweald Archer (d0cc3988) [P1] Hand -> Graveyard
    70: ZoneChange: Plains (388ae274) [P1] Hand -> Graveyard
    71: ZoneChange: Savannah Lions (349dd3db) [P1] Hand -> Graveyard
    72: ZoneChange: Island (75dbe812) [P0] Library -> Hand
    73: ZoneChange: Island (b5aceaf9) [P0] Hand -> Battlefield
    74: ZoneChange: Island (7e58c73d) [P0] Hand -> Stack
    75: SpellCast: P0 casts Island (7e58c73d)
    76: ZoneChange: Island (7e58c73d) [P0] Stack -> Battlefield
    77: ETB: Island (7e58c73d) [P0]
    78: SpellResolved: Island (7e58c73d)
    79: ZoneChange: Island (75dbe812) [P0] Hand -> Stack
    80: SpellCast: P0 casts Island (75dbe812)
    81: ZoneChange: Island (75dbe812) [P0] Stack -> Battlefield
    82: ETB: Island (75dbe812) [P0]
    83: SpellResolved: Island (75dbe812)
    84: ZoneChange: War Mammoth (d490ea5c) [P1] Library -> Hand
    85: ZoneChange: Plains (c66c1b2e) [P1] Hand -> Battlefield
    86: ZoneChange: Forest (3ea96502) [P1] Hand -> Stack
    87: SpellCast: P1 casts Forest (3ea96502)
    88: ZoneChange: Forest (3ea96502) [P1] Stack -> Battlefield
    89: ETB: Forest (3ea96502) [P1]
    90: SpellResolved: Forest (3ea96502)
    91: ZoneChange: War Mammoth (d490ea5c) [P1] Hand -> Stack
    92: SpellCast: P1 casts War Mammoth (d490ea5c)
    93: ZoneChange: War Mammoth (d490ea5c) [P1] Stack -> Battlefield
    94: ETB: War Mammoth (d490ea5c) [P1]
    95: SpellResolved: War Mammoth (d490ea5c)
    96: ZoneChange: Ancestral Recall (a0274c2e) [P0] Library -> Hand
    97: ZoneChange: Ancestral Recall (a0274c2e) [P0] Hand -> Stack
    98: SpellCast: P0 casts Ancestral Recall (a0274c2e)
    99: ZoneChange: Giant Spider (5ef63cde) [P1] Library -> Hand
   100: ZoneChange: Giant Spider (e7344316) [P1] Library -> Hand
   101: ZoneChange: Forest (509e1eed) [P1] Library -> Hand
   102: ZoneChange: Ancestral Recall (a0274c2e) [P0] Stack -> Graveyard
   103: SpellResolved: Ancestral Recall (a0274c2e)
   104: ZoneChange: Forest (6686321b) [P1] Library -> Hand
   105: ZoneChange: Forest (6686321b) [P1] Hand -> Battlefield
   106: ZoneChange: Forest (509e1eed) [P1] Hand -> Stack
   107: SpellCast: P1 casts Forest (509e1eed)
   108: ZoneChange: Forest (509e1eed) [P1] Stack -> Battlefield
   109: ETB: Forest (509e1eed) [P1]
   110: SpellResolved: Forest (509e1eed)
   111: ZoneChange: Isamaru, Hound of Konda (680c70b3) [P1] Hand -> Stack
   112: SpellCast: P1 casts Isamaru, Hound of Konda (680c70b3)
   113: ZoneChange: Isamaru, Hound of Konda (680c70b3) [P1] Stack -> Battlefield
   114: ETB: Isamaru, Hound of Konda (680c70b3) [P1]
   115: SpellResolved: Isamaru, Hound of Konda (680c70b3)
   116: ZoneChange: Giant Spider (5ef63cde) [P1] Hand -> Stack
   117: SpellCast: P1 casts Giant Spider (5ef63cde)
   118: ZoneChange: Giant Spider (5ef63cde) [P1] Stack -> Battlefield
   119: ETB: Giant Spider (5ef63cde) [P1]
   120: SpellResolved: Giant Spider (5ef63cde)
   121: AttackersDeclared: [Elvish Archers (6bca618e), War Mammoth (d490ea5c)]
   122: DamageDealt: Elvish Archers (6bca618e) -> P0 for 2
   123: LifeChanged: P0 20 -> 18 (source: Elvish Archers (6bca618e))
   124: DamageDealt: War Mammoth (d490ea5c) -> P0 for 3
   125: LifeChanged: P0 18 -> 15 (source: War Mammoth (d490ea5c))
   126: ZoneChange: Ancestral Recall (9b881973) [P0] Library -> Hand
   127: ZoneChange: Ancestral Recall (9b881973) [P0] Hand -> Stack
   128: SpellCast: P0 casts Ancestral Recall (9b881973)
   129: ZoneChange: Plains (d9d28b92) [P1] Library -> Hand
   130: ZoneChange: Serra Angel (e22f8e46) [P1] Library -> Hand
   131: ZoneChange: Knight of Meadowgrain (734ed5b8) [P1] Library -> Hand
   132: ZoneChange: Ancestral Recall (9b881973) [P0] Stack -> Graveyard
   133: SpellResolved: Ancestral Recall (9b881973)
   134: ZoneChange: Isamaru, Hound of Konda (50c1ff94) [P1] Library -> Hand
   135: ZoneChange: Plains (d9d28b92) [P1] Hand -> Battlefield
   136: AttackersDeclared: [War Mammoth (d490ea5c)]
   137: DamageDealt: War Mammoth (d490ea5c) -> P0 for 3
   138: LifeChanged: P0 15 -> 12 (source: War Mammoth (d490ea5c))
   139: ZoneChange: Isamaru, Hound of Konda (50c1ff94) [P1] Hand -> Stack
   140: SpellCast: P1 casts Isamaru, Hound of Konda (50c1ff94)
   141: ZoneChange: Isamaru, Hound of Konda (50c1ff94) [P1] Stack -> Battlefield
   142: ETB: Isamaru, Hound of Konda (50c1ff94) [P1]
   143: SpellResolved: Isamaru, Hound of Konda (50c1ff94)
   144: ZoneChange: Isamaru, Hound of Konda (680c70b3) [P1] Battlefield -> Graveyard
   145: LegendRuleSacrificed: Isamaru, Hound of Konda (680c70b3) [P1]
   146: StateBasedActionPerformed
   147: ZoneChange: Giant Spider (e7344316) [P1] Hand -> Stack
   148: SpellCast: P1 casts Giant Spider (e7344316)
   149: ZoneChange: Giant Spider (e7344316) [P1] Stack -> Battlefield
   150: ETB: Giant Spider (e7344316) [P1]
   151: SpellResolved: Giant Spider (e7344316)
   152: ZoneChange: Island (bd2abcad) [P0] Library -> Hand
   153: ZoneChange: Island (bd2abcad) [P0] Hand -> Battlefield
   154: ZoneChange: Angel's Mercy (c9fb03ee) [P1] Hand -> Stack
   155: SpellCast: P1 casts Angel's Mercy (c9fb03ee)
   156: LifeChanged: P1 20 -> 27 (source: Angel's Mercy (c9fb03ee))
   157: ZoneChange: Angel's Mercy (c9fb03ee) [P1] Stack -> Graveyard
   158: SpellResolved: Angel's Mercy (c9fb03ee)
   159: ZoneChange: Plains (9380ae03) [P1] Library -> Hand
   160: ZoneChange: Plains (9380ae03) [P1] Hand -> Battlefield
   161: AttackersDeclared: [Isamaru, Hound of Konda (50c1ff94), Giant Spider (5ef63cde), War Mammoth (d490ea5c), Giant Spider (e7344316)]
   162: DamageDealt: Isamaru, Hound of Konda (50c1ff94) -> P0 for 2
   163: LifeChanged: P0 12 -> 10 (source: Isamaru, Hound of Konda (50c1ff94))
   164: DamageDealt: Giant Spider (5ef63cde) -> P0 for 2
   165: LifeChanged: P0 10 -> 8 (source: Giant Spider (5ef63cde))
   166: DamageDealt: War Mammoth (d490ea5c) -> P0 for 3
   167: LifeChanged: P0 8 -> 5 (source: War Mammoth (d490ea5c))
   168: DamageDealt: Giant Spider (e7344316) -> P0 for 2
   169: LifeChanged: P0 5 -> 3 (source: Giant Spider (e7344316))
   170: ZoneChange: Island (6340c643) [P0] Library -> Hand
   171: ZoneChange: Island (6340c643) [P0] Hand -> Battlefield
   172: ZoneChange: Forest (380a308f) [P1] Library -> Hand
   173: ZoneChange: Forest (380a308f) [P1] Hand -> Battlefield
   174: ZoneChange: Knight of Meadowgrain (65d06f47) [P1] Hand -> Stack
   175: SpellCast: P1 casts Knight of Meadowgrain (65d06f47)
   176: ZoneChange: Knight of Meadowgrain (65d06f47) [P1] Stack -> Battlefield
   177: ETB: Knight of Meadowgrain (65d06f47) [P1]
   178: SpellResolved: Knight of Meadowgrain (65d06f47)
   179: AttackersDeclared: [Giant Spider (e7344316)]
   180: DamageDealt: Giant Spider (e7344316) -> P0 for 2
   181: LifeChanged: P0 3 -> 1 (source: Giant Spider (e7344316))
   182: ZoneChange: Ancestral Recall (6d093070) [P0] Library -> Hand
   183: ZoneChange: Ancestral Recall (6d093070) [P0] Hand -> Stack
   184: SpellCast: P0 casts Ancestral Recall (6d093070)
   185: ZoneChange: War Mammoth (e511c11c) [P1] Library -> Hand
   186: ZoneChange: Forest (ea0afb01) [P1] Library -> Hand
   187: ZoneChange: Serra Angel (4bb45866) [P1] Library -> Hand
   188: ZoneChange: Ancestral Recall (6d093070) [P0] Stack -> Graveyard
   189: SpellResolved: Ancestral Recall (6d093070)
   190: ZoneChange: Plains (daf99ca1) [P1] Library -> Hand
   191: ZoneChange: Plains (daf99ca1) [P1] Hand -> Battlefield
   192: ZoneChange: Serra Angel (e22f8e46) [P1] Hand -> Stack
   193: SpellCast: P1 casts Serra Angel (e22f8e46)
   194: ZoneChange: Serra Angel (e22f8e46) [P1] Stack -> Battlefield
   195: ETB: Serra Angel (e22f8e46) [P1]
   196: SpellResolved: Serra Angel (e22f8e46)
   197: ZoneChange: Forest (ea0afb01) [P1] Hand -> Stack
   198: SpellCast: P1 casts Forest (ea0afb01)
   199: ZoneChange: Forest (ea0afb01) [P1] Stack -> Battlefield
   200: ETB: Forest (ea0afb01) [P1]
   201: SpellResolved: Forest (ea0afb01)
   202: ZoneChange: War Mammoth (e511c11c) [P1] Hand -> Stack
   203: SpellCast: P1 casts War Mammoth (e511c11c)
   204: ZoneChange: War Mammoth (e511c11c) [P1] Stack -> Battlefield
   205: ETB: War Mammoth (e511c11c) [P1]
   206: SpellResolved: War Mammoth (e511c11c)
   207: AttackersDeclared: [Giant Spider (5ef63cde), War Mammoth (d490ea5c), Knight of Meadowgrain (65d06f47), Giant Spider (e7344316)]
   208: LifeChanged: P1 27 -> 29 (source: Knight of Meadowgrain (65d06f47))
   209: DamageDealt: Knight of Meadowgrain (65d06f47) -> P0 for 2
   210: LifeChanged: P0 1 -> -1 (source: Knight of Meadowgrain (65d06f47))
   211: PlayerLost: P0 (LifeReachedZero)
   212: StateBasedActionPerformed

=== Game 2 (627 events) ===
     0: ZoneChange: Ancestral Recall (8dc8abdc) [P0] Library -> Hand
     1: ZoneChange: Swamp (fa732fd0) [P0] Library -> Hand
     2: ZoneChange: Doom Blade (4afadf64) [P0] Library -> Hand
     3: ZoneChange: Island (9a4b7e1e) [P0] Library -> Hand
     4: ZoneChange: Doom Blade (e94f187a) [P0] Library -> Hand
     5: ZoneChange: Night's Whisper (c152437f) [P0] Library -> Hand
     6: ZoneChange: Swamp (4721fe6d) [P0] Library -> Hand
     7: ZoneChange: Plains (f2830a99) [P1] Library -> Hand
     8: ZoneChange: Serra Angel (d0675956) [P1] Library -> Hand
     9: ZoneChange: Plains (aa3638b8) [P1] Library -> Hand
    10: ZoneChange: Plains (e235d474) [P1] Library -> Hand
    11: ZoneChange: Angel's Mercy (54f7d2eb) [P1] Library -> Hand
    12: ZoneChange: Plains (4be5a43d) [P1] Library -> Hand
    13: ZoneChange: Isamaru, Hound of Konda (98a3d323) [P1] Library -> Hand
    14: ZoneChange: Island (9e5bec4f) [P0] Library -> Hand
    15: ZoneChange: Swamp (fa732fd0) [P0] Hand -> Battlefield
    16: ZoneChange: Island (9a4b7e1e) [P0] Hand -> Stack
    17: SpellCast: P0 casts Island (9a4b7e1e)
    18: ZoneChange: Island (9a4b7e1e) [P0] Stack -> Battlefield
    19: ETB: Island (9a4b7e1e) [P0]
    20: SpellResolved: Island (9a4b7e1e)
    21: ZoneChange: Night's Whisper (c152437f) [P0] Hand -> Stack
    22: SpellCast: P0 casts Night's Whisper (c152437f)
    23: ZoneChange: Swamp (e7fbbf83) [P0] Library -> Hand
    24: ZoneChange: Ancestral Recall (556c3cdc) [P0] Library -> Hand
    25: LifeChanged: P0 20 -> 18
    26: ZoneChange: Night's Whisper (c152437f) [P0] Stack -> Graveyard
    27: SpellResolved: Night's Whisper (c152437f)
    28: ZoneChange: Island (9e5bec4f) [P0] Hand -> Stack
    29: SpellCast: P0 casts Island (9e5bec4f)
    30: ZoneChange: Island (9e5bec4f) [P0] Stack -> Battlefield
    31: ETB: Island (9e5bec4f) [P0]
    32: SpellResolved: Island (9e5bec4f)
    33: ZoneChange: Swamp (e7fbbf83) [P0] Hand -> Stack
    34: SpellCast: P0 casts Swamp (e7fbbf83)
    35: ZoneChange: Swamp (e7fbbf83) [P0] Stack -> Battlefield
    36: ETB: Swamp (e7fbbf83) [P0]
    37: SpellResolved: Swamp (e7fbbf83)
    38: ZoneChange: Ancestral Recall (556c3cdc) [P0] Hand -> Stack
    39: SpellCast: P0 casts Ancestral Recall (556c3cdc)
    40: ZoneChange: Night's Whisper (3e9a5eb2) [P0] Library -> Hand
    41: ZoneChange: Doom Blade (35277ace) [P0] Library -> Hand
    42: ZoneChange: Dark Ritual (eb8e52f8) [P0] Library -> Hand
    43: ZoneChange: Ancestral Recall (556c3cdc) [P0] Stack -> Graveyard
    44: SpellResolved: Ancestral Recall (556c3cdc)
    45: ZoneChange: Swamp (4721fe6d) [P0] Hand -> Stack
    46: SpellCast: P0 casts Swamp (4721fe6d)
    47: ZoneChange: Dark Ritual (eb8e52f8) [P0] Hand -> Stack
    48: SpellCast: P0 casts Dark Ritual (eb8e52f8)
    49: ZoneChange: Dark Ritual (eb8e52f8) [P0] Stack -> Graveyard
    50: SpellResolved: Dark Ritual (eb8e52f8)
    51: ZoneChange: Swamp (4721fe6d) [P0] Stack -> Battlefield
    52: ETB: Swamp (4721fe6d) [P0]
    53: SpellResolved: Swamp (4721fe6d)
    54: ZoneChange: Night's Whisper (3e9a5eb2) [P0] Hand -> Stack
    55: SpellCast: P0 casts Night's Whisper (3e9a5eb2)
    56: ZoneChange: Dark Ritual (ec435b2c) [P0] Library -> Hand
    57: ZoneChange: Vampire Nighthawk (c358d8dd) [P0] Library -> Hand
    58: LifeChanged: P0 18 -> 16
    59: ZoneChange: Night's Whisper (3e9a5eb2) [P0] Stack -> Graveyard
    60: SpellResolved: Night's Whisper (3e9a5eb2)
    61: ZoneChange: Dark Ritual (ec435b2c) [P0] Hand -> Stack
    62: SpellCast: P0 casts Dark Ritual (ec435b2c)
    63: ZoneChange: Dark Ritual (ec435b2c) [P0] Stack -> Graveyard
    64: SpellResolved: Dark Ritual (ec435b2c)
    65: ZoneChange: Vampire Nighthawk (c358d8dd) [P0] Hand -> Stack
    66: SpellCast: P0 casts Vampire Nighthawk (c358d8dd)
    67: ZoneChange: Vampire Nighthawk (c358d8dd) [P0] Stack -> Battlefield
    68: ETB: Vampire Nighthawk (c358d8dd) [P0]
    69: SpellResolved: Vampire Nighthawk (c358d8dd)
    70: ZoneChange: Burst of Energy (5213e7af) [P1] Library -> Hand
    71: ZoneChange: Plains (e235d474) [P1] Hand -> Battlefield
    72: ZoneChange: Plains (f2830a99) [P1] Hand -> Stack
    73: SpellCast: P1 casts Plains (f2830a99)
    74: ZoneChange: Plains (f2830a99) [P1] Stack -> Battlefield
    75: ETB: Plains (f2830a99) [P1]
    76: SpellResolved: Plains (f2830a99)
    77: ZoneChange: Burst of Energy (5213e7af) [P1] Hand -> Stack
    78: SpellCast: P1 casts Burst of Energy (5213e7af)
    79: ZoneChange: Burst of Energy (5213e7af) [P1] Stack -> Graveyard
    80: SpellResolved: Burst of Energy (5213e7af)
    81: ZoneChange: Isamaru, Hound of Konda (98a3d323) [P1] Hand -> Stack
    82: SpellCast: P1 casts Isamaru, Hound of Konda (98a3d323)
    83: ZoneChange: Isamaru, Hound of Konda (98a3d323) [P1] Stack -> Battlefield
    84: ETB: Isamaru, Hound of Konda (98a3d323) [P1]
    85: SpellResolved: Isamaru, Hound of Konda (98a3d323)
    86: ZoneChange: Plains (4be5a43d) [P1] Hand -> Stack
    87: SpellCast: P1 casts Plains (4be5a43d)
    88: ZoneChange: Plains (4be5a43d) [P1] Stack -> Battlefield
    89: ETB: Plains (4be5a43d) [P1]
    90: SpellResolved: Plains (4be5a43d)
    91: ZoneChange: Plains (aa3638b8) [P1] Hand -> Stack
    92: SpellCast: P1 casts Plains (aa3638b8)
    93: ZoneChange: Plains (aa3638b8) [P1] Stack -> Battlefield
    94: ETB: Plains (aa3638b8) [P1]
    95: SpellResolved: Plains (aa3638b8)
    96: ZoneChange: Counterspell (0e6e9c9f) [P0] Library -> Hand
    97: ZoneChange: Doom Blade (e94f187a) [P0] Hand -> Stack
    98: SpellCast: P0 casts Doom Blade (e94f187a)
    99: ZoneChange: Isamaru, Hound of Konda (98a3d323) [P1] Battlefield -> Graveyard
   100: ZoneChange: Doom Blade (e94f187a) [P0] Stack -> Graveyard
   101: SpellResolved: Doom Blade (e94f187a)
   102: ZoneChange: Ancestral Recall (8dc8abdc) [P0] Hand -> Stack
   103: SpellCast: P0 casts Ancestral Recall (8dc8abdc)
   104: ZoneChange: Vampire Nighthawk (bb2357ef) [P0] Library -> Hand
   105: ZoneChange: Ancestral Recall (d38729eb) [P0] Library -> Hand
   106: ZoneChange: Swamp (ad0b2332) [P0] Library -> Hand
   107: ZoneChange: Ancestral Recall (8dc8abdc) [P0] Stack -> Graveyard
   108: SpellResolved: Ancestral Recall (8dc8abdc)
   109: ZoneChange: Swamp (ad0b2332) [P0] Hand -> Battlefield
   110: ZoneChange: Ancestral Recall (d38729eb) [P0] Hand -> Stack
   111: SpellCast: P0 casts Ancestral Recall (d38729eb)
   112: ZoneChange: Ancestral Recall (f4806339) [P0] Library -> Hand
   113: ZoneChange: Island (4d836456) [P0] Library -> Hand
   114: ZoneChange: Island (1612e89f) [P0] Library -> Hand
   115: ZoneChange: Ancestral Recall (d38729eb) [P0] Stack -> Graveyard
   116: SpellResolved: Ancestral Recall (d38729eb)
   117: ZoneChange: Island (4d836456) [P0] Hand -> Stack
   118: SpellCast: P0 casts Island (4d836456)
   119: ZoneChange: Island (4d836456) [P0] Stack -> Battlefield
   120: ETB: Island (4d836456) [P0]
   121: SpellResolved: Island (4d836456)
   122: ZoneChange: Ancestral Recall (f4806339) [P0] Hand -> Stack
   123: SpellCast: P0 casts Ancestral Recall (f4806339)
   124: ZoneChange: Swamp (2bd09dfb) [P0] Library -> Hand
   125: ZoneChange: Ancestral Recall (c8d63c86) [P0] Library -> Hand
   126: ZoneChange: Island (dd7b20a1) [P0] Library -> Hand
   127: ZoneChange: Ancestral Recall (f4806339) [P0] Stack -> Graveyard
   128: SpellResolved: Ancestral Recall (f4806339)
   129: ZoneChange: Doom Blade (4afadf64) [P0] Hand -> Graveyard
   130: ZoneChange: Plains (dc84e4fd) [P1] Library -> Hand
   131: ZoneChange: Plains (dc84e4fd) [P1] Hand -> Battlefield
   132: ZoneChange: Angel's Mercy (54f7d2eb) [P1] Hand -> Stack
   133: SpellCast: P1 casts Angel's Mercy (54f7d2eb)
   134: LifeChanged: P1 20 -> 27 (source: Angel's Mercy (54f7d2eb))
   135: ZoneChange: Angel's Mercy (54f7d2eb) [P1] Stack -> Graveyard
   136: SpellResolved: Angel's Mercy (54f7d2eb)
   137: ZoneChange: Ancestral Recall (c8d63c86) [P0] Hand -> Stack
   138: SpellCast: P0 casts Ancestral Recall (c8d63c86)
   139: ZoneChange: Doom Blade (3a104780) [P0] Library -> Hand
   140: ZoneChange: Doom Blade (a131a730) [P0] Library -> Hand
   141: ZoneChange: Night's Whisper (eea69ff1) [P0] Library -> Hand
   142: ZoneChange: Ancestral Recall (c8d63c86) [P0] Stack -> Graveyard
   143: SpellResolved: Ancestral Recall (c8d63c86)
   144: ZoneChange: Night's Whisper (a83c611f) [P0] Library -> Hand
   145: ZoneChange: Island (1612e89f) [P0] Hand -> Battlefield
   146: ZoneChange: Vampire Nighthawk (bb2357ef) [P0] Hand -> Graveyard
   147: ZoneChange: Doom Blade (3a104780) [P0] Hand -> Graveyard
   148: ZoneChange: Plains (05105f97) [P1] Library -> Hand
   149: ZoneChange: Plains (05105f97) [P1] Hand -> Battlefield
   150: ZoneChange: Serra Angel (d0675956) [P1] Hand -> Stack
   151: SpellCast: P1 casts Serra Angel (d0675956)
   152: ZoneChange: Serra Angel (d0675956) [P1] Stack -> Battlefield
   153: ETB: Serra Angel (d0675956) [P1]
   154: SpellResolved: Serra Angel (d0675956)
   155: ZoneChange: Doom Blade (35277ace) [P0] Hand -> Stack
   156: SpellCast: P0 casts Doom Blade (35277ace)
   157: ZoneChange: Serra Angel (d0675956) [P1] Battlefield -> Graveyard
   158: ZoneChange: Doom Blade (35277ace) [P0] Stack -> Graveyard
   159: SpellResolved: Doom Blade (35277ace)
   160: ZoneChange: Dark Ritual (b1006009) [P0] Library -> Hand
   161: ZoneChange: Swamp (2bd09dfb) [P0] Hand -> Battlefield
   162: ZoneChange: Savannah Lions (098a6ae0) [P1] Library -> Hand
   163: ZoneChange: Savannah Lions (098a6ae0) [P1] Hand -> Stack
   164: SpellCast: P1 casts Savannah Lions (098a6ae0)
   165: ZoneChange: Dark Ritual (b1006009) [P0] Hand -> Stack
   166: SpellCast: P0 casts Dark Ritual (b1006009)
   167: ZoneChange: Dark Ritual (b1006009) [P0] Stack -> Graveyard
   168: SpellResolved: Dark Ritual (b1006009)
   169: ZoneChange: Savannah Lions (098a6ae0) [P1] Stack -> Battlefield
   170: ETB: Savannah Lions (098a6ae0) [P1]
   171: SpellResolved: Savannah Lions (098a6ae0)
   172: ZoneChange: Doom Blade (a131a730) [P0] Hand -> Stack
   173: SpellCast: P0 casts Doom Blade (a131a730)
   174: ZoneChange: Savannah Lions (098a6ae0) [P1] Battlefield -> Graveyard
   175: ZoneChange: Doom Blade (a131a730) [P0] Stack -> Graveyard
   176: SpellResolved: Doom Blade (a131a730)
   177: ZoneChange: Island (ed01c790) [P0] Library -> Hand
   178: ZoneChange: Island (ed01c790) [P0] Hand -> Battlefield
   179: ZoneChange: Night's Whisper (eea69ff1) [P0] Hand -> Stack
   180: SpellCast: P0 casts Night's Whisper (eea69ff1)
   181: ZoneChange: Island (8e007289) [P0] Library -> Hand
   182: ZoneChange: Counterspell (9a460a78) [P0] Library -> Hand
   183: LifeChanged: P0 16 -> 14
   184: ZoneChange: Night's Whisper (eea69ff1) [P0] Stack -> Graveyard
   185: SpellResolved: Night's Whisper (eea69ff1)
   186: AttackersDeclared: [Vampire Nighthawk (c358d8dd)]
   187: LifeChanged: P0 14 -> 16 (source: Vampire Nighthawk (c358d8dd))
   188: DamageDealt: Vampire Nighthawk (c358d8dd) -> P1 for 2
   189: LifeChanged: P1 27 -> 25 (source: Vampire Nighthawk (c358d8dd))
   190: ZoneChange: Island (8e007289) [P0] Hand -> Stack
   191: SpellCast: P0 casts Island (8e007289)
   192: ZoneChange: Island (8e007289) [P0] Stack -> Battlefield
   193: ETB: Island (8e007289) [P0]
   194: SpellResolved: Island (8e007289)
   195: ZoneChange: Night's Whisper (a83c611f) [P0] Hand -> Stack
   196: SpellCast: P0 casts Night's Whisper (a83c611f)
   197: ZoneChange: Island (bfea5a8e) [P0] Library -> Hand
   198: ZoneChange: Swamp (e7b1a84e) [P0] Library -> Hand
   199: LifeChanged: P0 16 -> 14
   200: ZoneChange: Night's Whisper (a83c611f) [P0] Stack -> Graveyard
   201: SpellResolved: Night's Whisper (a83c611f)
   202: ZoneChange: Island (bfea5a8e) [P0] Hand -> Stack
   203: SpellCast: P0 casts Island (bfea5a8e)
   204: ZoneChange: Island (bfea5a8e) [P0] Stack -> Battlefield
   205: ETB: Island (bfea5a8e) [P0]
   206: SpellResolved: Island (bfea5a8e)
   207: ZoneChange: Swamp (e7b1a84e) [P0] Hand -> Stack
   208: SpellCast: P0 casts Swamp (e7b1a84e)
   209: ZoneChange: Swamp (e7b1a84e) [P0] Stack -> Battlefield
   210: ETB: Swamp (e7b1a84e) [P0]
   211: SpellResolved: Swamp (e7b1a84e)
   212: ZoneChange: Island (dd7b20a1) [P0] Hand -> Stack
   213: SpellCast: P0 casts Island (dd7b20a1)
   214: ZoneChange: Island (dd7b20a1) [P0] Stack -> Battlefield
   215: ETB: Island (dd7b20a1) [P0]
   216: SpellResolved: Island (dd7b20a1)
   217: ZoneChange: Isamaru, Hound of Konda (13bd0838) [P1] Library -> Hand
   218: ZoneChange: Isamaru, Hound of Konda (13bd0838) [P1] Hand -> Stack
   219: SpellCast: P1 casts Isamaru, Hound of Konda (13bd0838)
   220: ZoneChange: Isamaru, Hound of Konda (13bd0838) [P1] Stack -> Battlefield
   221: ETB: Isamaru, Hound of Konda (13bd0838) [P1]
   222: SpellResolved: Isamaru, Hound of Konda (13bd0838)
   223: ZoneChange: Dark Ritual (98239ab6) [P0] Library -> Hand
   224: ZoneChange: Dark Ritual (98239ab6) [P0] Hand -> Stack
   225: SpellCast: P0 casts Dark Ritual (98239ab6)
   226: ZoneChange: Dark Ritual (98239ab6) [P0] Stack -> Graveyard
   227: SpellResolved: Dark Ritual (98239ab6)
   228: ZoneChange: Knight of Meadowgrain (37b5b97d) [P1] Library -> Hand
   229: ZoneChange: Knight of Meadowgrain (37b5b97d) [P1] Hand -> Stack
   230: SpellCast: P1 casts Knight of Meadowgrain (37b5b97d)
   231: ZoneChange: Knight of Meadowgrain (37b5b97d) [P1] Stack -> Battlefield
   232: ETB: Knight of Meadowgrain (37b5b97d) [P1]
   233: SpellResolved: Knight of Meadowgrain (37b5b97d)
   234: ZoneChange: Swamp (6728208e) [P0] Library -> Hand
   235: ZoneChange: Swamp (6728208e) [P0] Hand -> Battlefield
   236: ZoneChange: Plains (1992c6ad) [P1] Library -> Hand
   237: ZoneChange: Plains (1992c6ad) [P1] Hand -> Battlefield
   238: AttackersDeclared: [Isamaru, Hound of Konda (13bd0838), Knight of Meadowgrain (37b5b97d)]
   239: LifeChanged: P1 25 -> 27 (source: Knight of Meadowgrain (37b5b97d))
   240: DamageDealt: Knight of Meadowgrain (37b5b97d) -> P0 for 2
   241: LifeChanged: P0 14 -> 12 (source: Knight of Meadowgrain (37b5b97d))
   242: DamageDealt: Isamaru, Hound of Konda (13bd0838) -> P0 for 2
   243: LifeChanged: P0 12 -> 10 (source: Isamaru, Hound of Konda (13bd0838))
   244: ZoneChange: Ancestral Recall (43a1f2f3) [P0] Library -> Hand
   245: ZoneChange: Ancestral Recall (43a1f2f3) [P0] Hand -> Stack
   246: SpellCast: P0 casts Ancestral Recall (43a1f2f3)
   247: ZoneChange: Night's Whisper (af024c44) [P0] Library -> Hand
   248: ZoneChange: Ancestral Recall (9a208e8c) [P0] Library -> Hand
   249: ZoneChange: Swamp (3f61a4c9) [P0] Library -> Hand
   250: ZoneChange: Ancestral Recall (43a1f2f3) [P0] Stack -> Graveyard
   251: SpellResolved: Ancestral Recall (43a1f2f3)
   252: ZoneChange: Swamp (3f61a4c9) [P0] Hand -> Battlefield
   253: ZoneChange: Night's Whisper (af024c44) [P0] Hand -> Stack
   254: SpellCast: P0 casts Night's Whisper (af024c44)
   255: ZoneChange: Ancestral Recall (9a208e8c) [P0] Hand -> Stack
   256: SpellCast: P0 casts Ancestral Recall (9a208e8c)
   257: ZoneChange: Serra Angel (c104670a) [P1] Library -> Hand
   258: ZoneChange: Angel's Mercy (5e2d4bc4) [P1] Library -> Hand
   259: ZoneChange: Burst of Energy (7559978d) [P1] Library -> Hand
   260: ZoneChange: Ancestral Recall (9a208e8c) [P0] Stack -> Graveyard
   261: SpellResolved: Ancestral Recall (9a208e8c)
   262: ZoneChange: Burst of Energy (7559978d) [P1] Hand -> Stack
   263: SpellCast: P1 casts Burst of Energy (7559978d)
   264: ZoneChange: Angel's Mercy (5e2d4bc4) [P1] Hand -> Stack
   265: SpellCast: P1 casts Angel's Mercy (5e2d4bc4)
   266: LifeChanged: P1 27 -> 34 (source: Angel's Mercy (5e2d4bc4))
   267: ZoneChange: Angel's Mercy (5e2d4bc4) [P1] Stack -> Graveyard
   268: SpellResolved: Angel's Mercy (5e2d4bc4)
   269: ZoneChange: Burst of Energy (7559978d) [P1] Stack -> Graveyard
   270: SpellResolved: Burst of Energy (7559978d)
   271: ZoneChange: Doom Blade (a9572170) [P0] Library -> Hand
   272: ZoneChange: Vampire Nighthawk (16be9330) [P0] Library -> Hand
   273: LifeChanged: P0 10 -> 8
   274: ZoneChange: Night's Whisper (af024c44) [P0] Stack -> Graveyard
   275: SpellResolved: Night's Whisper (af024c44)
   276: ZoneChange: Doom Blade (a9572170) [P0] Hand -> Stack
   277: SpellCast: P0 casts Doom Blade (a9572170)
   278: ZoneChange: Isamaru, Hound of Konda (13bd0838) [P1] Battlefield -> Graveyard
   279: ZoneChange: Doom Blade (a9572170) [P0] Stack -> Graveyard
   280: SpellResolved: Doom Blade (a9572170)
   281: ZoneChange: Vampire Nighthawk (16be9330) [P0] Hand -> Stack
   282: SpellCast: P0 casts Vampire Nighthawk (16be9330)
   283: ZoneChange: Vampire Nighthawk (16be9330) [P0] Stack -> Battlefield
   284: ETB: Vampire Nighthawk (16be9330) [P0]
   285: SpellResolved: Vampire Nighthawk (16be9330)
   286: ZoneChange: Plains (a3ec8206) [P1] Library -> Hand
   287: ZoneChange: Plains (a3ec8206) [P1] Hand -> Battlefield
   288: ZoneChange: Serra Angel (c104670a) [P1] Hand -> Stack
   289: SpellCast: P1 casts Serra Angel (c104670a)
   290: ZoneChange: Serra Angel (c104670a) [P1] Stack -> Battlefield
   291: ETB: Serra Angel (c104670a) [P1]
   292: SpellResolved: Serra Angel (c104670a)
   293: AttackersDeclared: [Knight of Meadowgrain (37b5b97d)]
   294: LifeChanged: P1 34 -> 36 (source: Knight of Meadowgrain (37b5b97d))
   295: DamageDealt: Knight of Meadowgrain (37b5b97d) -> P0 for 2
   296: LifeChanged: P0 8 -> 6 (source: Knight of Meadowgrain (37b5b97d))
   297: ZoneChange: Doom Blade (910d5cdf) [P0] Library -> Hand
   298: ZoneChange: Doom Blade (910d5cdf) [P0] Hand -> Stack
   299: SpellCast: P0 casts Doom Blade (910d5cdf)
   300: ZoneChange: Serra Angel (c104670a) [P1] Battlefield -> Graveyard
   301: ZoneChange: Doom Blade (910d5cdf) [P0] Stack -> Graveyard
   302: SpellResolved: Doom Blade (910d5cdf)
   303: AttackersDeclared: [Vampire Nighthawk (16be9330), Vampire Nighthawk (c358d8dd)]
   304: LifeChanged: P0 6 -> 8 (source: Vampire Nighthawk (16be9330))
   305: DamageDealt: Vampire Nighthawk (16be9330) -> P1 for 2
   306: LifeChanged: P1 36 -> 34 (source: Vampire Nighthawk (16be9330))
   307: LifeChanged: P0 8 -> 10 (source: Vampire Nighthawk (c358d8dd))
   308: DamageDealt: Vampire Nighthawk (c358d8dd) -> P1 for 2
   309: LifeChanged: P1 34 -> 32 (source: Vampire Nighthawk (c358d8dd))
   310: ZoneChange: Plains (075d0ef2) [P1] Library -> Hand
   311: ZoneChange: Plains (075d0ef2) [P1] Hand -> Battlefield
   312: AttackersDeclared: [Knight of Meadowgrain (37b5b97d)]
   313: LifeChanged: P1 32 -> 34 (source: Knight of Meadowgrain (37b5b97d))
   314: DamageDealt: Knight of Meadowgrain (37b5b97d) -> P0 for 2
   315: LifeChanged: P0 10 -> 8 (source: Knight of Meadowgrain (37b5b97d))
   316: ZoneChange: Swamp (73b41e0e) [P0] Library -> Hand
   317: ZoneChange: Swamp (73b41e0e) [P0] Hand -> Battlefield
   318: AttackersDeclared: [Vampire Nighthawk (16be9330)]
   319: LifeChanged: P0 8 -> 10 (source: Vampire Nighthawk (16be9330))
   320: DamageDealt: Vampire Nighthawk (16be9330) -> P1 for 2
   321: LifeChanged: P1 34 -> 32 (source: Vampire Nighthawk (16be9330))
   322: ZoneChange: Knight of Meadowgrain (9290e9d9) [P1] Library -> Hand
   323: ZoneChange: Knight of Meadowgrain (9290e9d9) [P1] Hand -> Stack
   324: SpellCast: P1 casts Knight of Meadowgrain (9290e9d9)
   325: ZoneChange: Knight of Meadowgrain (9290e9d9) [P1] Stack -> Battlefield
   326: ETB: Knight of Meadowgrain (9290e9d9) [P1]
   327: SpellResolved: Knight of Meadowgrain (9290e9d9)
   328: ZoneChange: Vampire Nighthawk (ff572036) [P0] Library -> Hand
   329: ZoneChange: Vampire Nighthawk (ff572036) [P0] Hand -> Stack
   330: SpellCast: P0 casts Vampire Nighthawk (ff572036)
   331: ZoneChange: Vampire Nighthawk (ff572036) [P0] Stack -> Battlefield
   332: ETB: Vampire Nighthawk (ff572036) [P0]
   333: SpellResolved: Vampire Nighthawk (ff572036)
   334: AttackersDeclared: [Vampire Nighthawk (16be9330), Vampire Nighthawk (c358d8dd)]
   335: LifeChanged: P0 10 -> 12 (source: Vampire Nighthawk (16be9330))
   336: DamageDealt: Vampire Nighthawk (16be9330) -> P1 for 2
   337: LifeChanged: P1 32 -> 30 (source: Vampire Nighthawk (16be9330))
   338: LifeChanged: P0 12 -> 14 (source: Vampire Nighthawk (c358d8dd))
   339: DamageDealt: Vampire Nighthawk (c358d8dd) -> P1 for 2
   340: LifeChanged: P1 30 -> 28 (source: Vampire Nighthawk (c358d8dd))
   341: ZoneChange: Serra Angel (94211b64) [P1] Library -> Hand
   342: ZoneChange: Serra Angel (94211b64) [P1] Hand -> Stack
   343: SpellCast: P1 casts Serra Angel (94211b64)
   344: ZoneChange: Serra Angel (94211b64) [P1] Stack -> Battlefield
   345: ETB: Serra Angel (94211b64) [P1]
   346: SpellResolved: Serra Angel (94211b64)
   347: ZoneChange: Ancestral Recall (856575c4) [P0] Library -> Hand
   348: ZoneChange: Ancestral Recall (856575c4) [P0] Hand -> Stack
   349: SpellCast: P0 casts Ancestral Recall (856575c4)
   350: ZoneChange: Plains (1c693329) [P1] Library -> Hand
   351: ZoneChange: Knight of Meadowgrain (2e1fedf2) [P1] Library -> Hand
   352: ZoneChange: Angel's Mercy (4ca6280c) [P1] Library -> Hand
   353: ZoneChange: Ancestral Recall (856575c4) [P0] Stack -> Graveyard
   354: SpellResolved: Ancestral Recall (856575c4)
   355: AttackersDeclared: [Vampire Nighthawk (16be9330), Vampire Nighthawk (ff572036)]
   356: LifeChanged: P0 14 -> 16 (source: Vampire Nighthawk (16be9330))
   357: DamageDealt: Vampire Nighthawk (16be9330) -> P1 for 2
   358: LifeChanged: P1 28 -> 26 (source: Vampire Nighthawk (16be9330))
   359: LifeChanged: P0 16 -> 18 (source: Vampire Nighthawk (ff572036))
   360: DamageDealt: Vampire Nighthawk (ff572036) -> P1 for 2
   361: LifeChanged: P1 26 -> 24 (source: Vampire Nighthawk (ff572036))
   362: ZoneChange: Serra Angel (54d48bfb) [P1] Library -> Hand
   363: ZoneChange: Plains (1c693329) [P1] Hand -> Battlefield
   364: ZoneChange: Knight of Meadowgrain (2e1fedf2) [P1] Hand -> Stack
   365: SpellCast: P1 casts Knight of Meadowgrain (2e1fedf2)
   366: ZoneChange: Angel's Mercy (4ca6280c) [P1] Hand -> Stack
   367: SpellCast: P1 casts Angel's Mercy (4ca6280c)
   368: LifeChanged: P1 24 -> 31 (source: Angel's Mercy (4ca6280c))
   369: ZoneChange: Angel's Mercy (4ca6280c) [P1] Stack -> Graveyard
   370: SpellResolved: Angel's Mercy (4ca6280c)
   371: ZoneChange: Knight of Meadowgrain (2e1fedf2) [P1] Stack -> Battlefield
   372: ETB: Knight of Meadowgrain (2e1fedf2) [P1]
   373: SpellResolved: Knight of Meadowgrain (2e1fedf2)
   374: AttackersDeclared: [Knight of Meadowgrain (37b5b97d)]
   375: LifeChanged: P1 31 -> 33 (source: Knight of Meadowgrain (37b5b97d))
   376: DamageDealt: Knight of Meadowgrain (37b5b97d) -> P0 for 2
   377: LifeChanged: P0 18 -> 16 (source: Knight of Meadowgrain (37b5b97d))
   378: ZoneChange: Island (71b0378f) [P0] Library -> Hand
   379: ZoneChange: Island (71b0378f) [P0] Hand -> Battlefield
   380: AttackersDeclared: [Vampire Nighthawk (ff572036)]
   381: LifeChanged: P0 16 -> 18 (source: Vampire Nighthawk (ff572036))
   382: DamageDealt: Vampire Nighthawk (ff572036) -> P1 for 2
   383: LifeChanged: P1 33 -> 31 (source: Vampire Nighthawk (ff572036))
   384: ZoneChange: Burst of Energy (12296981) [P1] Library -> Hand
   385: ZoneChange: Serra Angel (54d48bfb) [P1] Hand -> Stack
   386: SpellCast: P1 casts Serra Angel (54d48bfb)
   387: ZoneChange: Serra Angel (54d48bfb) [P1] Stack -> Battlefield
   388: ETB: Serra Angel (54d48bfb) [P1]
   389: SpellResolved: Serra Angel (54d48bfb)
   390: ZoneChange: Burst of Energy (12296981) [P1] Hand -> Stack
   391: SpellCast: P1 casts Burst of Energy (12296981)
   392: ZoneChange: Burst of Energy (12296981) [P1] Stack -> Graveyard
   393: SpellResolved: Burst of Energy (12296981)
   394: AttackersDeclared: [Knight of Meadowgrain (9290e9d9), Knight of Meadowgrain (2e1fedf2)]
   395: BlockersDeclared: [Vampire Nighthawk (16be9330) blocks Knight of Meadowgrain (9290e9d9)]
   396: LifeChanged: P1 31 -> 33 (source: Knight of Meadowgrain (9290e9d9))
   397: DamageDealt: Knight of Meadowgrain (9290e9d9) -> Vampire Nighthawk (16be9330) for 2
   398: LifeChanged: P1 33 -> 35 (source: Knight of Meadowgrain (2e1fedf2))
   399: DamageDealt: Knight of Meadowgrain (2e1fedf2) -> P0 for 2
   400: LifeChanged: P0 18 -> 16 (source: Knight of Meadowgrain (2e1fedf2))
   401: LifeChanged: P0 16 -> 18 (source: Vampire Nighthawk (16be9330))
   402: DamageDealt: Vampire Nighthawk (16be9330) -> Knight of Meadowgrain (9290e9d9) for 2
   403: ZoneChange: Knight of Meadowgrain (9290e9d9) [P1] Battlefield -> Graveyard
   404: CreatureDied: Knight of Meadowgrain (9290e9d9) [P1]
   405: ZoneChange: Vampire Nighthawk (33b0ae4b) [P0] Library -> Hand
   406: ZoneChange: Vampire Nighthawk (33b0ae4b) [P0] Hand -> Stack
   407: SpellCast: P0 casts Vampire Nighthawk (33b0ae4b)
   408: ZoneChange: Vampire Nighthawk (33b0ae4b) [P0] Stack -> Battlefield
   409: ETB: Vampire Nighthawk (33b0ae4b) [P0]
   410: SpellResolved: Vampire Nighthawk (33b0ae4b)
   411: AttackersDeclared: [Vampire Nighthawk (16be9330)]
   412: LifeChanged: P0 18 -> 20 (source: Vampire Nighthawk (16be9330))
   413: DamageDealt: Vampire Nighthawk (16be9330) -> P1 for 2
   414: LifeChanged: P1 35 -> 33 (source: Vampire Nighthawk (16be9330))
   415: ZoneChange: Plains (51335f37) [P1] Library -> Hand
   416: ZoneChange: Plains (51335f37) [P1] Hand -> Battlefield
   417: ZoneChange: Vampire Nighthawk (30e26fbe) [P0] Library -> Hand
   418: AttackersDeclared: [Vampire Nighthawk (c358d8dd)]
   419: LifeChanged: P0 20 -> 22 (source: Vampire Nighthawk (c358d8dd))
   420: DamageDealt: Vampire Nighthawk (c358d8dd) -> P1 for 2
   421: LifeChanged: P1 33 -> 31 (source: Vampire Nighthawk (c358d8dd))
   422: ZoneChange: Vampire Nighthawk (30e26fbe) [P0] Hand -> Stack
   423: SpellCast: P0 casts Vampire Nighthawk (30e26fbe)
   424: ZoneChange: Vampire Nighthawk (30e26fbe) [P0] Stack -> Battlefield
   425: ETB: Vampire Nighthawk (30e26fbe) [P0]
   426: SpellResolved: Vampire Nighthawk (30e26fbe)
   427: ZoneChange: Serra Angel (e7e78ecb) [P1] Library -> Hand
   428: ZoneChange: Serra Angel (e7e78ecb) [P1] Hand -> Stack
   429: SpellCast: P1 casts Serra Angel (e7e78ecb)
   430: ZoneChange: Serra Angel (e7e78ecb) [P1] Stack -> Battlefield
   431: ETB: Serra Angel (e7e78ecb) [P1]
   432: SpellResolved: Serra Angel (e7e78ecb)
   433: AttackersDeclared: [Knight of Meadowgrain (37b5b97d), Knight of Meadowgrain (2e1fedf2), Serra Angel (54d48bfb)]
   434: LifeChanged: P1 31 -> 33 (source: Knight of Meadowgrain (37b5b97d))
   435: DamageDealt: Knight of Meadowgrain (37b5b97d) -> P0 for 2
   436: LifeChanged: P0 22 -> 20 (source: Knight of Meadowgrain (37b5b97d))
   437: LifeChanged: P1 33 -> 35 (source: Knight of Meadowgrain (2e1fedf2))
   438: DamageDealt: Knight of Meadowgrain (2e1fedf2) -> P0 for 2
   439: LifeChanged: P0 20 -> 18 (source: Knight of Meadowgrain (2e1fedf2))
   440: DamageDealt: Serra Angel (54d48bfb) -> P0 for 4
   441: LifeChanged: P0 18 -> 14 (source: Serra Angel (54d48bfb))
   442: ZoneChange: Swamp (255233a3) [P0] Library -> Hand
   443: ZoneChange: Swamp (255233a3) [P0] Hand -> Battlefield
   444: AttackersDeclared: [Vampire Nighthawk (ff572036), Vampire Nighthawk (33b0ae4b)]
   445: LifeChanged: P0 14 -> 16 (source: Vampire Nighthawk (ff572036))
   446: DamageDealt: Vampire Nighthawk (ff572036) -> P1 for 2
   447: LifeChanged: P1 35 -> 33 (source: Vampire Nighthawk (ff572036))
   448: LifeChanged: P0 16 -> 18 (source: Vampire Nighthawk (33b0ae4b))
   449: DamageDealt: Vampire Nighthawk (33b0ae4b) -> P1 for 2
   450: LifeChanged: P1 33 -> 31 (source: Vampire Nighthawk (33b0ae4b))
   451: ZoneChange: Knight of Meadowgrain (a91876f1) [P1] Library -> Hand
   452: ZoneChange: Knight of Meadowgrain (a91876f1) [P1] Hand -> Stack
   453: SpellCast: P1 casts Knight of Meadowgrain (a91876f1)
   454: ZoneChange: Knight of Meadowgrain (a91876f1) [P1] Stack -> Battlefield
   455: ETB: Knight of Meadowgrain (a91876f1) [P1]
   456: SpellResolved: Knight of Meadowgrain (a91876f1)
   457: AttackersDeclared: [Knight of Meadowgrain (2e1fedf2), Serra Angel (54d48bfb)]
   458: BlockersDeclared: [Vampire Nighthawk (16be9330) blocks Knight of Meadowgrain (2e1fedf2), Vampire Nighthawk (30e26fbe) blocks Knight of Meadowgrain (2e1fedf2)]
   459: LifeChanged: P1 31 -> 33 (source: Knight of Meadowgrain (2e1fedf2))
   460: DamageDealt: Knight of Meadowgrain (2e1fedf2) -> Vampire Nighthawk (16be9330) for 2
   461: LifeChanged: P0 18 -> 20 (source: Vampire Nighthawk (16be9330))
   462: DamageDealt: Vampire Nighthawk (16be9330) -> Knight of Meadowgrain (2e1fedf2) for 2
   463: LifeChanged: P0 20 -> 22 (source: Vampire Nighthawk (30e26fbe))
   464: DamageDealt: Vampire Nighthawk (30e26fbe) -> Knight of Meadowgrain (2e1fedf2) for 2
   465: DamageDealt: Serra Angel (54d48bfb) -> P0 for 4
   466: LifeChanged: P0 22 -> 18 (source: Serra Angel (54d48bfb))
   467: ZoneChange: Knight of Meadowgrain (2e1fedf2) [P1] Battlefield -> Graveyard
   468: CreatureDied: Knight of Meadowgrain (2e1fedf2) [P1]
   469: ZoneChange: Dark Ritual (d11fc9e2) [P0] Library -> Hand
   470: ZoneChange: Dark Ritual (d11fc9e2) [P0] Hand -> Stack
   471: SpellCast: P0 casts Dark Ritual (d11fc9e2)
   472: ZoneChange: Dark Ritual (d11fc9e2) [P0] Stack -> Graveyard
   473: SpellResolved: Dark Ritual (d11fc9e2)
   474: AttackersDeclared: [Vampire Nighthawk (16be9330), Vampire Nighthawk (33b0ae4b), Vampire Nighthawk (30e26fbe)]
   475: BlockersDeclared: [Serra Angel (94211b64) blocks Vampire Nighthawk (16be9330)]
   476: LifeChanged: P0 18 -> 20 (source: Vampire Nighthawk (16be9330))
   477: DamageDealt: Vampire Nighthawk (16be9330) -> Serra Angel (94211b64) for 2
   478: DamageDealt: Serra Angel (94211b64) -> Vampire Nighthawk (16be9330) for 4
   479: LifeChanged: P0 20 -> 22 (source: Vampire Nighthawk (33b0ae4b))
   480: DamageDealt: Vampire Nighthawk (33b0ae4b) -> P1 for 2
   481: LifeChanged: P1 33 -> 31 (source: Vampire Nighthawk (33b0ae4b))
   482: LifeChanged: P0 22 -> 24 (source: Vampire Nighthawk (30e26fbe))
   483: DamageDealt: Vampire Nighthawk (30e26fbe) -> P1 for 2
   484: LifeChanged: P1 31 -> 29 (source: Vampire Nighthawk (30e26fbe))
   485: ZoneChange: Vampire Nighthawk (16be9330) [P0] Battlefield -> Graveyard
   486: CreatureDied: Vampire Nighthawk (16be9330) [P0]
   487: ZoneChange: Serra Angel (94211b64) [P1] Battlefield -> Graveyard
   488: CreatureDied: Serra Angel (94211b64) [P1]
   489: ZoneChange: Angel's Mercy (50226f6c) [P1] Library -> Hand
   490: ZoneChange: Angel's Mercy (50226f6c) [P1] Hand -> Stack
   491: SpellCast: P1 casts Angel's Mercy (50226f6c)
   492: LifeChanged: P1 29 -> 36 (source: Angel's Mercy (50226f6c))
   493: ZoneChange: Angel's Mercy (50226f6c) [P1] Stack -> Graveyard
   494: SpellResolved: Angel's Mercy (50226f6c)
   495: AttackersDeclared: [Knight of Meadowgrain (37b5b97d), Knight of Meadowgrain (a91876f1)]
   496: LifeChanged: P1 36 -> 38 (source: Knight of Meadowgrain (37b5b97d))
   497: DamageDealt: Knight of Meadowgrain (37b5b97d) -> P0 for 2
   498: LifeChanged: P0 24 -> 22 (source: Knight of Meadowgrain (37b5b97d))
   499: LifeChanged: P1 38 -> 40 (source: Knight of Meadowgrain (a91876f1))
   500: DamageDealt: Knight of Meadowgrain (a91876f1) -> P0 for 2
   501: LifeChanged: P0 22 -> 20 (source: Knight of Meadowgrain (a91876f1))
   502: ZoneChange: Island (3fac68e7) [P0] Library -> Hand
   503: ZoneChange: Island (3fac68e7) [P0] Hand -> Battlefield
   504: AttackersDeclared: [Vampire Nighthawk (c358d8dd), Vampire Nighthawk (ff572036), Vampire Nighthawk (33b0ae4b)]
   505: BlockersDeclared: [Serra Angel (54d48bfb) blocks Vampire Nighthawk (c358d8dd)]
   506: LifeChanged: P0 20 -> 22 (source: Vampire Nighthawk (c358d8dd))
   507: DamageDealt: Vampire Nighthawk (c358d8dd) -> Serra Angel (54d48bfb) for 2
   508: LifeChanged: P0 22 -> 24 (source: Vampire Nighthawk (ff572036))
   509: DamageDealt: Vampire Nighthawk (ff572036) -> P1 for 2
   510: LifeChanged: P1 40 -> 38 (source: Vampire Nighthawk (ff572036))
   511: LifeChanged: P0 24 -> 26 (source: Vampire Nighthawk (33b0ae4b))
   512: DamageDealt: Vampire Nighthawk (33b0ae4b) -> P1 for 2
   513: LifeChanged: P1 38 -> 36 (source: Vampire Nighthawk (33b0ae4b))
   514: DamageDealt: Serra Angel (54d48bfb) -> Vampire Nighthawk (c358d8dd) for 4
   515: ZoneChange: Vampire Nighthawk (c358d8dd) [P0] Battlefield -> Graveyard
   516: CreatureDied: Vampire Nighthawk (c358d8dd) [P0]
   517: ZoneChange: Serra Angel (54d48bfb) [P1] Battlefield -> Graveyard
   518: CreatureDied: Serra Angel (54d48bfb) [P1]
   519: ZoneChange: Serra Angel (af65d977) [P1] Library -> Hand
   520: ZoneChange: Serra Angel (af65d977) [P1] Hand -> Stack
   521: SpellCast: P1 casts Serra Angel (af65d977)
   522: ZoneChange: Serra Angel (af65d977) [P1] Stack -> Battlefield
   523: ETB: Serra Angel (af65d977) [P1]
   524: SpellResolved: Serra Angel (af65d977)
   525: AttackersDeclared: [Knight of Meadowgrain (37b5b97d)]
   526: LifeChanged: P1 36 -> 38 (source: Knight of Meadowgrain (37b5b97d))
   527: DamageDealt: Knight of Meadowgrain (37b5b97d) -> P0 for 2
   528: LifeChanged: P0 26 -> 24 (source: Knight of Meadowgrain (37b5b97d))
   529: ZoneChange: Swamp (4f24c0cd) [P0] Library -> Hand
   530: ZoneChange: Swamp (4f24c0cd) [P0] Hand -> Battlefield
   531: AttackersDeclared: [Vampire Nighthawk (ff572036)]
   532: BlockersDeclared: [Serra Angel (e7e78ecb) blocks Vampire Nighthawk (ff572036)]
   533: LifeChanged: P0 24 -> 26 (source: Vampire Nighthawk (ff572036))
   534: DamageDealt: Vampire Nighthawk (ff572036) -> Serra Angel (e7e78ecb) for 2
   535: DamageDealt: Serra Angel (e7e78ecb) -> Vampire Nighthawk (ff572036) for 4
   536: ZoneChange: Vampire Nighthawk (ff572036) [P0] Battlefield -> Graveyard
   537: CreatureDied: Vampire Nighthawk (ff572036) [P0]
   538: ZoneChange: Serra Angel (e7e78ecb) [P1] Battlefield -> Graveyard
   539: CreatureDied: Serra Angel (e7e78ecb) [P1]
   540: ZoneChange: Plains (c583049f) [P1] Library -> Hand
   541: ZoneChange: Plains (c583049f) [P1] Hand -> Battlefield
   542: AttackersDeclared: [Knight of Meadowgrain (a91876f1), Serra Angel (af65d977)]
   543: BlockersDeclared: [Vampire Nighthawk (33b0ae4b) blocks Knight of Meadowgrain (a91876f1)]
   544: LifeChanged: P1 38 -> 40 (source: Knight of Meadowgrain (a91876f1))
   545: DamageDealt: Knight of Meadowgrain (a91876f1) -> Vampire Nighthawk (33b0ae4b) for 2
   546: LifeChanged: P0 26 -> 28 (source: Vampire Nighthawk (33b0ae4b))
   547: DamageDealt: Vampire Nighthawk (33b0ae4b) -> Knight of Meadowgrain (a91876f1) for 2
   548: DamageDealt: Serra Angel (af65d977) -> P0 for 4
   549: LifeChanged: P0 28 -> 24 (source: Serra Angel (af65d977))
   550: ZoneChange: Knight of Meadowgrain (a91876f1) [P1] Battlefield -> Graveyard
   551: CreatureDied: Knight of Meadowgrain (a91876f1) [P1]
   552: ZoneChange: Island (be6e7724) [P0] Library -> Hand
   553: ZoneChange: Island (be6e7724) [P0] Hand -> Battlefield
   554: AttackersDeclared: [Vampire Nighthawk (33b0ae4b), Vampire Nighthawk (30e26fbe)]
   555: LifeChanged: P0 24 -> 26 (source: Vampire Nighthawk (33b0ae4b))
   556: DamageDealt: Vampire Nighthawk (33b0ae4b) -> P1 for 2
   557: LifeChanged: P1 40 -> 38 (source: Vampire Nighthawk (33b0ae4b))
   558: LifeChanged: P0 26 -> 28 (source: Vampire Nighthawk (30e26fbe))
   559: DamageDealt: Vampire Nighthawk (30e26fbe) -> P1 for 2
   560: LifeChanged: P1 38 -> 36 (source: Vampire Nighthawk (30e26fbe))
   561: ZoneChange: Plains (d15015b0) [P1] Library -> Hand
   562: ZoneChange: Plains (d15015b0) [P1] Hand -> Battlefield
   563: ZoneChange: Doom Blade (cf8fa9a1) [P0] Library -> Hand
   564: ZoneChange: Doom Blade (cf8fa9a1) [P0] Hand -> Stack
   565: SpellCast: P0 casts Doom Blade (cf8fa9a1)
   566: ZoneChange: Serra Angel (af65d977) [P1] Battlefield -> Graveyard
   567: ZoneChange: Doom Blade (cf8fa9a1) [P0] Stack -> Graveyard
   568: SpellResolved: Doom Blade (cf8fa9a1)
   569: ZoneChange: Plains (89be9c43) [P1] Library -> Hand
   570: ZoneChange: Plains (89be9c43) [P1] Hand -> Battlefield
   571: ZoneChange: Dark Ritual (0da9170f) [P0] Library -> Hand
   572: ZoneChange: Dark Ritual (0da9170f) [P0] Hand -> Stack
   573: SpellCast: P0 casts Dark Ritual (0da9170f)
   574: ZoneChange: Dark Ritual (0da9170f) [P0] Stack -> Graveyard
   575: SpellResolved: Dark Ritual (0da9170f)
   576: AttackersDeclared: [Vampire Nighthawk (33b0ae4b)]
   577: LifeChanged: P0 28 -> 30 (source: Vampire Nighthawk (33b0ae4b))
   578: DamageDealt: Vampire Nighthawk (33b0ae4b) -> P1 for 2
   579: LifeChanged: P1 36 -> 34 (source: Vampire Nighthawk (33b0ae4b))
   580: ZoneChange: Plains (3f6914a1) [P1] Library -> Hand
   581: ZoneChange: Plains (3f6914a1) [P1] Hand -> Battlefield
   582: AttackersDeclared: [Knight of Meadowgrain (37b5b97d)]
   583: BlockersDeclared: [Vampire Nighthawk (30e26fbe) blocks Knight of Meadowgrain (37b5b97d)]
   584: LifeChanged: P1 34 -> 36 (source: Knight of Meadowgrain (37b5b97d))
   585: DamageDealt: Knight of Meadowgrain (37b5b97d) -> Vampire Nighthawk (30e26fbe) for 2
   586: LifeChanged: P0 30 -> 32 (source: Vampire Nighthawk (30e26fbe))
   587: DamageDealt: Vampire Nighthawk (30e26fbe) -> Knight of Meadowgrain (37b5b97d) for 2
   588: ZoneChange: Knight of Meadowgrain (37b5b97d) [P1] Battlefield -> Graveyard
   589: CreatureDied: Knight of Meadowgrain (37b5b97d) [P1]
   590: ZoneChange: Island (da559193) [P0] Library -> Hand
   591: ZoneChange: Island (da559193) [P0] Hand -> Battlefield
   592: AttackersDeclared: [Vampire Nighthawk (30e26fbe)]
   593: LifeChanged: P0 32 -> 34 (source: Vampire Nighthawk (30e26fbe))
   594: DamageDealt: Vampire Nighthawk (30e26fbe) -> P1 for 2
   595: LifeChanged: P1 36 -> 34 (source: Vampire Nighthawk (30e26fbe))
   596: ZoneChange: Angel's Mercy (d775fa2b) [P1] Library -> Hand
   597: ZoneChange: Angel's Mercy (d775fa2b) [P1] Hand -> Stack
   598: SpellCast: P1 casts Angel's Mercy (d775fa2b)
   599: LifeChanged: P1 34 -> 41 (source: Angel's Mercy (d775fa2b))
   600: ZoneChange: Angel's Mercy (d775fa2b) [P1] Stack -> Graveyard
   601: SpellResolved: Angel's Mercy (d775fa2b)
   602: ZoneChange: Swamp (8783592a) [P0] Library -> Hand
   603: ZoneChange: Swamp (8783592a) [P0] Hand -> Battlefield
   604: ZoneChange: Savannah Lions (2d2c0c01) [P1] Library -> Hand
   605: ZoneChange: Savannah Lions (2d2c0c01) [P1] Hand -> Stack
   606: SpellCast: P1 casts Savannah Lions (2d2c0c01)
   607: ZoneChange: Savannah Lions (2d2c0c01) [P1] Stack -> Battlefield
   608: ETB: Savannah Lions (2d2c0c01) [P1]
   609: SpellResolved: Savannah Lions (2d2c0c01)
   610: ZoneChange: Doom Blade (3fd89407) [P0] Library -> Hand
   611: ZoneChange: Doom Blade (3fd89407) [P0] Hand -> Stack
   612: SpellCast: P0 casts Doom Blade (3fd89407)
   613: ZoneChange: Savannah Lions (2d2c0c01) [P1] Battlefield -> Graveyard
   614: ZoneChange: Doom Blade (3fd89407) [P0] Stack -> Graveyard
   615: SpellResolved: Doom Blade (3fd89407)
   616: AttackersDeclared: [Vampire Nighthawk (30e26fbe)]
   617: LifeChanged: P0 34 -> 36 (source: Vampire Nighthawk (30e26fbe))
   618: DamageDealt: Vampire Nighthawk (30e26fbe) -> P1 for 2
   619: LifeChanged: P1 41 -> 39 (source: Vampire Nighthawk (30e26fbe))
   620: ZoneChange: Burst of Energy (b3443eba) [P1] Library -> Hand
   621: ZoneChange: Burst of Energy (b3443eba) [P1] Hand -> Stack
   622: SpellCast: P1 casts Burst of Energy (b3443eba)
   623: ZoneChange: Burst of Energy (b3443eba) [P1] Stack -> Graveyard
   624: SpellResolved: Burst of Energy (b3443eba)
   625: PlayerLost: P0 (DrawnFromEmptyLibrary)
   626: StateBasedActionPerformed

=== Game 3 (202 events) ===
     0: ZoneChange: Night's Whisper (f73e7a08) [P0] Library -> Hand
     1: ZoneChange: Counterspell (b5f7dc36) [P0] Library -> Hand
     2: ZoneChange: Doom Blade (b821f2fc) [P0] Library -> Hand
     3: ZoneChange: Swamp (ae99b229) [P0] Library -> Hand
     4: ZoneChange: Dark Ritual (0ed0fb51) [P0] Library -> Hand
     5: ZoneChange: Counterspell (bd8138f5) [P0] Library -> Hand
     6: ZoneChange: Counterspell (4525e0d3) [P0] Library -> Hand
     7: ZoneChange: Thornweald Archer (95a51e2e) [P1] Library -> Hand
     8: ZoneChange: Island (b59c6219) [P1] Library -> Hand
     9: ZoneChange: Counterspell (bf1cd9ec) [P1] Library -> Hand
    10: ZoneChange: Island (34f85ddd) [P1] Library -> Hand
    11: ZoneChange: Forest (5ab86e51) [P1] Library -> Hand
    12: ZoneChange: Island (17a202b7) [P1] Library -> Hand
    13: ZoneChange: War Mammoth (796b5812) [P1] Library -> Hand
    14: ZoneChange: Ancestral Recall (20c4fa6d) [P0] Library -> Hand
    15: ZoneChange: Swamp (ae99b229) [P0] Hand -> Battlefield
    16: ZoneChange: Dark Ritual (0ed0fb51) [P0] Hand -> Stack
    17: SpellCast: P0 casts Dark Ritual (0ed0fb51)
    18: ZoneChange: Dark Ritual (0ed0fb51) [P0] Stack -> Graveyard
    19: SpellResolved: Dark Ritual (0ed0fb51)
    20: ZoneChange: Night's Whisper (f73e7a08) [P0] Hand -> Stack
    21: SpellCast: P0 casts Night's Whisper (f73e7a08)
    22: ZoneChange: Night's Whisper (1a46017d) [P0] Library -> Hand
    23: ZoneChange: Swamp (86f13aa8) [P0] Library -> Hand
    24: LifeChanged: P0 20 -> 18
    25: ZoneChange: Night's Whisper (f73e7a08) [P0] Stack -> Graveyard
    26: SpellResolved: Night's Whisper (f73e7a08)
    27: ZoneChange: Swamp (86f13aa8) [P0] Hand -> Stack
    28: SpellCast: P0 casts Swamp (86f13aa8)
    29: ZoneChange: Swamp (86f13aa8) [P0] Stack -> Battlefield
    30: ETB: Swamp (86f13aa8) [P0]
    31: SpellResolved: Swamp (86f13aa8)
    32: ZoneChange: Night's Whisper (1a46017d) [P0] Hand -> Stack
    33: SpellCast: P0 casts Night's Whisper (1a46017d)
    34: ZoneChange: Swamp (d5965cae) [P0] Library -> Hand
    35: ZoneChange: Swamp (367cbb6a) [P0] Library -> Hand
    36: LifeChanged: P0 18 -> 16
    37: ZoneChange: Night's Whisper (1a46017d) [P0] Stack -> Graveyard
    38: SpellResolved: Night's Whisper (1a46017d)
    39: ZoneChange: Swamp (367cbb6a) [P0] Hand -> Stack
    40: SpellCast: P0 casts Swamp (367cbb6a)
    41: ZoneChange: Swamp (367cbb6a) [P0] Stack -> Battlefield
    42: ETB: Swamp (367cbb6a) [P0]
    43: SpellResolved: Swamp (367cbb6a)
    44: ZoneChange: Swamp (d5965cae) [P0] Hand -> Stack
    45: SpellCast: P0 casts Swamp (d5965cae)
    46: ZoneChange: Swamp (d5965cae) [P0] Stack -> Battlefield
    47: ETB: Swamp (d5965cae) [P0]
    48: SpellResolved: Swamp (d5965cae)
    49: ZoneChange: Elvish Archers (eb371c1b) [P1] Library -> Hand
    50: ZoneChange: Forest (5ab86e51) [P1] Hand -> Battlefield
    51: ZoneChange: Island (b59c6219) [P1] Hand -> Stack
    52: SpellCast: P1 casts Island (b59c6219)
    53: ZoneChange: Island (b59c6219) [P1] Stack -> Battlefield
    54: ETB: Island (b59c6219) [P1]
    55: SpellResolved: Island (b59c6219)
    56: ZoneChange: Island (34f85ddd) [P1] Hand -> Stack
    57: SpellCast: P1 casts Island (34f85ddd)
    58: ZoneChange: Island (34f85ddd) [P1] Stack -> Battlefield
    59: ETB: Island (34f85ddd) [P1]
    60: SpellResolved: Island (34f85ddd)
    61: ZoneChange: Island (17a202b7) [P1] Hand -> Stack
    62: SpellCast: P1 casts Island (17a202b7)
    63: ZoneChange: Island (17a202b7) [P1] Stack -> Battlefield
    64: ETB: Island (17a202b7) [P1]
    65: SpellResolved: Island (17a202b7)
    66: ZoneChange: War Mammoth (796b5812) [P1] Hand -> Stack
    67: SpellCast: P1 casts War Mammoth (796b5812)
    68: ZoneChange: War Mammoth (796b5812) [P1] Stack -> Battlefield
    69: ETB: War Mammoth (796b5812) [P1]
    70: SpellResolved: War Mammoth (796b5812)
    71: ZoneChange: Island (705d49e7) [P0] Library -> Hand
    72: ZoneChange: Doom Blade (b821f2fc) [P0] Hand -> Stack
    73: SpellCast: P0 casts Doom Blade (b821f2fc)
    74: ZoneChange: War Mammoth (796b5812) [P1] Battlefield -> Graveyard
    75: ZoneChange: Doom Blade (b821f2fc) [P0] Stack -> Graveyard
    76: SpellResolved: Doom Blade (b821f2fc)
    77: ZoneChange: Island (705d49e7) [P0] Hand -> Battlefield
    78: ZoneChange: Ancestral Recall (20c4fa6d) [P0] Hand -> Stack
    79: SpellCast: P0 casts Ancestral Recall (20c4fa6d)
    80: ZoneChange: Forest (cf2a06a6) [P1] Library -> Hand
    81: ZoneChange: Forest (801a4d18) [P1] Library -> Hand
    82: ZoneChange: Island (c71aca36) [P1] Library -> Hand
    83: ZoneChange: Ancestral Recall (20c4fa6d) [P0] Stack -> Graveyard
    84: SpellResolved: Ancestral Recall (20c4fa6d)
    85: ZoneChange: Forest (ca18bb82) [P1] Library -> Hand
    86: ZoneChange: Forest (ca18bb82) [P1] Hand -> Battlefield
    87: ZoneChange: Thornweald Archer (95a51e2e) [P1] Hand -> Stack
    88: SpellCast: P1 casts Thornweald Archer (95a51e2e)
    89: ZoneChange: Thornweald Archer (95a51e2e) [P1] Stack -> Battlefield
    90: ETB: Thornweald Archer (95a51e2e) [P1]
    91: SpellResolved: Thornweald Archer (95a51e2e)
    92: ZoneChange: Forest (cf2a06a6) [P1] Hand -> Stack
    93: SpellCast: P1 casts Forest (cf2a06a6)
    94: ZoneChange: Forest (cf2a06a6) [P1] Stack -> Battlefield
    95: ETB: Forest (cf2a06a6) [P1]
    96: SpellResolved: Forest (cf2a06a6)
    97: ZoneChange: Forest (801a4d18) [P1] Hand -> Stack
    98: SpellCast: P1 casts Forest (801a4d18)
    99: ZoneChange: Forest (801a4d18) [P1] Stack -> Battlefield
   100: ETB: Forest (801a4d18) [P1]
   101: SpellResolved: Forest (801a4d18)
   102: ZoneChange: Island (c71aca36) [P1] Hand -> Stack
   103: SpellCast: P1 casts Island (c71aca36)
   104: ZoneChange: Island (c71aca36) [P1] Stack -> Battlefield
   105: ETB: Island (c71aca36) [P1]
   106: SpellResolved: Island (c71aca36)
   107: ZoneChange: Vampire Nighthawk (3b433b29) [P0] Library -> Hand
   108: ZoneChange: Vampire Nighthawk (3b433b29) [P0] Hand -> Stack
   109: SpellCast: P0 casts Vampire Nighthawk (3b433b29)
   110: ZoneChange: Vampire Nighthawk (3b433b29) [P0] Stack -> Battlefield
   111: ETB: Vampire Nighthawk (3b433b29) [P0]
   112: SpellResolved: Vampire Nighthawk (3b433b29)
   113: ZoneChange: Giant Spider (cd6205a3) [P1] Library -> Hand
   114: ZoneChange: Giant Spider (cd6205a3) [P1] Hand -> Stack
   115: SpellCast: P1 casts Giant Spider (cd6205a3)
   116: ZoneChange: Giant Spider (cd6205a3) [P1] Stack -> Battlefield
   117: ETB: Giant Spider (cd6205a3) [P1]
   118: SpellResolved: Giant Spider (cd6205a3)
   119: AttackersDeclared: [Thornweald Archer (95a51e2e)]
   120: DamageDealt: Thornweald Archer (95a51e2e) -> P0 for 2
   121: LifeChanged: P0 16 -> 14 (source: Thornweald Archer (95a51e2e))
   122: ZoneChange: Counterspell (9309cc64) [P0] Library -> Hand
   123: ZoneChange: Grizzly Bears (9c16a942) [P1] Library -> Hand
   124: ZoneChange: Elvish Archers (eb371c1b) [P1] Hand -> Stack
   125: SpellCast: P1 casts Elvish Archers (eb371c1b)
   126: ZoneChange: Elvish Archers (eb371c1b) [P1] Stack -> Battlefield
   127: ETB: Elvish Archers (eb371c1b) [P1]
   128: SpellResolved: Elvish Archers (eb371c1b)
   129: AttackersDeclared: [Giant Spider (cd6205a3), Thornweald Archer (95a51e2e)]
   130: BlockersDeclared: [Vampire Nighthawk (3b433b29) blocks Thornweald Archer (95a51e2e)]
   131: DamageDealt: Giant Spider (cd6205a3) -> P0 for 2
   132: LifeChanged: P0 14 -> 12 (source: Giant Spider (cd6205a3))
   133: LifeChanged: P0 12 -> 14 (source: Vampire Nighthawk (3b433b29))
   134: DamageDealt: Vampire Nighthawk (3b433b29) -> Thornweald Archer (95a51e2e) for 2
   135: DamageDealt: Thornweald Archer (95a51e2e) -> Vampire Nighthawk (3b433b29) for 2
   136: ZoneChange: Vampire Nighthawk (3b433b29) [P0] Battlefield -> Graveyard
   137: CreatureDied: Vampire Nighthawk (3b433b29) [P0]
   138: ZoneChange: Thornweald Archer (95a51e2e) [P1] Battlefield -> Graveyard
   139: CreatureDied: Thornweald Archer (95a51e2e) [P1]
   140: ZoneChange: Grizzly Bears (9c16a942) [P1] Hand -> Stack
   141: SpellCast: P1 casts Grizzly Bears (9c16a942)
   142: ZoneChange: Grizzly Bears (9c16a942) [P1] Stack -> Battlefield
   143: ETB: Grizzly Bears (9c16a942) [P1]
   144: SpellResolved: Grizzly Bears (9c16a942)
   145: ZoneChange: Night's Whisper (d63cd0b3) [P0] Library -> Hand
   146: ZoneChange: Night's Whisper (d63cd0b3) [P0] Hand -> Stack
   147: SpellCast: P0 casts Night's Whisper (d63cd0b3)
   148: ZoneChange: Dark Ritual (037c7a26) [P0] Library -> Hand
   149: ZoneChange: Swamp (9e649e33) [P0] Library -> Hand
   150: LifeChanged: P0 14 -> 12
   151: ZoneChange: Night's Whisper (d63cd0b3) [P0] Stack -> Graveyard
   152: SpellResolved: Night's Whisper (d63cd0b3)
   153: ZoneChange: Swamp (9e649e33) [P0] Hand -> Battlefield
   154: ZoneChange: Dark Ritual (037c7a26) [P0] Hand -> Stack
   155: SpellCast: P0 casts Dark Ritual (037c7a26)
   156: ZoneChange: Dark Ritual (037c7a26) [P0] Stack -> Graveyard
   157: SpellResolved: Dark Ritual (037c7a26)
   158: ZoneChange: Counterspell (2bec44fb) [P1] Library -> Hand
   159: AttackersDeclared: [Giant Spider (cd6205a3), Grizzly Bears (9c16a942)]
   160: DamageDealt: Giant Spider (cd6205a3) -> P0 for 2
   161: LifeChanged: P0 12 -> 10 (source: Giant Spider (cd6205a3))
   162: DamageDealt: Grizzly Bears (9c16a942) -> P0 for 2
   163: LifeChanged: P0 10 -> 8 (source: Grizzly Bears (9c16a942))
   164: ZoneChange: Doom Blade (2a3b397d) [P0] Library -> Hand
   165: ZoneChange: Doom Blade (2a3b397d) [P0] Hand -> Stack
   166: SpellCast: P0 casts Doom Blade (2a3b397d)
   167: ZoneChange: Giant Spider (cd6205a3) [P1] Battlefield -> Graveyard
   168: ZoneChange: Doom Blade (2a3b397d) [P0] Stack -> Graveyard
   169: SpellResolved: Doom Blade (2a3b397d)
   170: ZoneChange: Ancestral Recall (9e0af50d) [P1] Library -> Hand
   171: ZoneChange: Ancestral Recall (9e0af50d) [P1] Hand -> Stack
   172: SpellCast: P1 casts Ancestral Recall (9e0af50d)
   173: ZoneChange: Counterspell (cd8b6e27) [P1] Library -> Hand
   174: ZoneChange: Thornweald Archer (68fa4477) [P1] Library -> Hand
   175: ZoneChange: Grizzly Bears (7634751c) [P1] Library -> Hand
   176: ZoneChange: Ancestral Recall (9e0af50d) [P1] Stack -> Graveyard
   177: SpellResolved: Ancestral Recall (9e0af50d)
   178: AttackersDeclared: [Elvish Archers (eb371c1b)]
   179: DamageDealt: Elvish Archers (eb371c1b) -> P0 for 2
   180: LifeChanged: P0 8 -> 6 (source: Elvish Archers (eb371c1b))
   181: ZoneChange: Grizzly Bears (7634751c) [P1] Hand -> Stack
   182: SpellCast: P1 casts Grizzly Bears (7634751c)
   183: ZoneChange: Grizzly Bears (7634751c) [P1] Stack -> Battlefield
   184: ETB: Grizzly Bears (7634751c) [P1]
   185: SpellResolved: Grizzly Bears (7634751c)
   186: ZoneChange: Thornweald Archer (68fa4477) [P1] Hand -> Stack
   187: SpellCast: P1 casts Thornweald Archer (68fa4477)
   188: ZoneChange: Thornweald Archer (68fa4477) [P1] Stack -> Battlefield
   189: ETB: Thornweald Archer (68fa4477) [P1]
   190: SpellResolved: Thornweald Archer (68fa4477)
   191: ZoneChange: Counterspell (9dae3c93) [P0] Library -> Hand
   192: ZoneChange: Elvish Archers (f6e273bd) [P1] Library -> Hand
   193: AttackersDeclared: [Elvish Archers (eb371c1b), Grizzly Bears (9c16a942), Grizzly Bears (7634751c)]
   194: DamageDealt: Elvish Archers (eb371c1b) -> P0 for 2
   195: LifeChanged: P0 6 -> 4 (source: Elvish Archers (eb371c1b))
   196: DamageDealt: Grizzly Bears (9c16a942) -> P0 for 2
   197: LifeChanged: P0 4 -> 2 (source: Grizzly Bears (9c16a942))
   198: DamageDealt: Grizzly Bears (7634751c) -> P0 for 2
   199: LifeChanged: P0 2 -> 0 (source: Grizzly Bears (7634751c))
   200: PlayerLost: P0 (LifeReachedZero)
   201: StateBasedActionPerformed

